<?xml version="1.0" encoding="UTF-8"?>
<!-- Generated by org.testng.reporters.JUnitXMLReporter -->
<testsuite hostname="nb-philipps-7" name="Test" tests="2" failures="2" timestamp="18 Feb 2015 01:39:02 GMT" time="60.04" errors="0">
  <testcase name="f" time="29.402" classname="com.perfectomobile.StcTest">
    <failure type="java.lang.RuntimeException" message="Failed to open device 1E674EB8">
      <![CDATA[java.lang.RuntimeException: Failed to open device 1E674EB8
	at com.perfectomobile.selenium.MobileDevice.open(MobileDevice.java:101)
	at com.perfectomobile.StcTest.testrun(StcTest.java:115)
	at com.perfectomobile.StcTest.f(StcTest.java:38)
	at java.util.concurrent.FutureTask.run(FutureTask.java:262)
	at java.util.concurrent.ThreadPoolExecutor.runWorker(ThreadPoolExecutor.java:1145)
	at java.util.concurrent.ThreadPoolExecutor$Worker.run(ThreadPoolExecutor.java:615)
	at java.lang.Thread.run(Thread.java:744)
Caused by: com.perfectomobile.httpclient.HttpClientException: Failed to execute command handset open : Cannot open device 1E674EB8 for user philipps@perfectomobile.com, device is in use.
	at com.perfectomobile.selenium.MobileEntity.processCommonResponse(MobileEntity.java:94)
	at com.perfectomobile.selenium.MobileDevice.processResponse(MobileDevice.java:504)
	at com.perfectomobile.selenium.MobileEntity.executeCommand(MobileEntity.java:58)
	at com.perfectomobile.selenium.MobileEntity.executeCommand(MobileEntity.java:50)
	at com.perfectomobile.selenium.MobileDevice.open(MobileDevice.java:99)
	... 22 more
... Removed 16 stack frames]]>
    </failure>
  </testcase> <!-- f -->
  <testcase name="f" time="28.579" classname="com.perfectomobile.StcTest">
    <failure type="java.lang.RuntimeException" message="Failed to open device 219595A5">
      <![CDATA[java.lang.RuntimeException: Failed to open device 219595A5
	at com.perfectomobile.selenium.MobileDevice.open(MobileDevice.java:101)
	at com.perfectomobile.StcTest.testrun(StcTest.java:115)
	at com.perfectomobile.StcTest.f(StcTest.java:38)
	at java.util.concurrent.FutureTask.run(FutureTask.java:262)
	at java.util.concurrent.ThreadPoolExecutor.runWorker(ThreadPoolExecutor.java:1145)
	at java.util.concurrent.ThreadPoolExecutor$Worker.run(ThreadPoolExecutor.java:615)
	at java.lang.Thread.run(Thread.java:744)
Caused by: com.perfectomobile.httpclient.HttpClientException: Failed to execute command handset open : Cannot open device 219595A5 for user philipps@perfectomobile.com, device is in use.
	at com.perfectomobile.selenium.MobileEntity.processCommonResponse(MobileEntity.java:94)
	at com.perfectomobile.selenium.MobileDevice.processResponse(MobileDevice.java:504)
	at com.perfectomobile.selenium.MobileEntity.executeCommand(MobileEntity.java:58)
	at com.perfectomobile.selenium.MobileEntity.executeCommand(MobileEntity.java:50)
	at com.perfectomobile.selenium.MobileDevice.open(MobileDevice.java:99)
	... 22 more
... Removed 16 stack frames]]>
    </failure>
  </testcase> <!-- f -->
</testsuite> <!-- Test -->
