<?xml version="1.0" encoding="UTF-8"?>
<testsuite hostname="nb-philipps-7" name="com.perfectomobile.StcTest" tests="2" failures="1" timestamp="19 Feb 2015 09:16:11 GMT" time="130.286" errors="0">
  <testcase name="f" time="0.374" classname="com.perfectomobile.StcTest">
    <failure type="java.lang.RuntimeException" message="Failed to open device 1E674EB8">
      <![CDATA[java.lang.RuntimeException: Failed to open device 1E674EB8
	at com.perfectomobile.selenium.MobileDevice.open(MobileDevice.java:101)
	at com.perfectomobile.selenium.MobileDevice.open(MobileDevice.java:91)
	at com.perfectomobile.StcTest.f(StcTest.java:64)
	at java.util.concurrent.ThreadPoolExecutor.runWorker(ThreadPoolExecutor.java:1145)
	at java.util.concurrent.ThreadPoolExecutor$Worker.run(ThreadPoolExecutor.java:615)
	at java.lang.Thread.run(Thread.java:744)
Caused by: com.perfectomobile.httpclient.HttpClientException: Failed to execute command handset open : Cannot open device 1E674EB8 for user philipps@perfectomobile.com, device is in use.
	at com.perfectomobile.selenium.MobileEntity.processCommonResponse(MobileEntity.java:94)
	at com.perfectomobile.selenium.MobileDevice.processResponse(MobileDevice.java:504)
	at com.perfectomobile.selenium.MobileEntity.executeCommand(MobileEntity.java:58)
	at com.perfectomobile.selenium.MobileEntity.executeCommand(MobileEntity.java:50)
	at com.perfectomobile.selenium.MobileDevice.open(MobileDevice.java:99)
	... 22 more
... Removed 17 stack frames]]>
    </failure>
  </testcase>
  <testcase name="f" time="122.357" classname="com.perfectomobile.StcTest"/>
</testsuite>
