<?xml version="1.0" encoding="UTF-8"?>
<testsuite hostname="nb-philipps-7" name="com.perfectomobile.StcTest" tests="2" failures="1" timestamp="18 Feb 2015 02:04:51 GMT" time="79.182" errors="0">
  <testcase name="f" time="25.929" classname="com.perfectomobile.StcTest">
    <failure type="org.openqa.selenium.NoSuchElementException" message="Element with text MySTC Account wasn&amp;apos;t found.
For documentation on this error, please visit: http://seleniumhq.org/exceptions/no_such_element.html
Build info: version: &amp;apos;2.44.0&amp;apos;, revision: &amp;apos;76d78cf323ce037c5f92db6c1bba601c2ac43ad8&amp;apos;, time: &amp;apos;2014-10-23 13:11:40&amp;apos;
System info: host: &amp;apos;nb-philipps-7&amp;apos;, ip: &amp;apos;192.168.178.20&amp;apos;, os.name: &amp;apos;Windows 7&amp;apos;, os.arch: &amp;apos;amd64&amp;apos;, os.version: &amp;apos;6.1&amp;apos;, java.version: &amp;apos;1.7.0_51&amp;apos;
Driver info: driver.version: unknown">
      <![CDATA[org.openqa.selenium.NoSuchElementException: Element with text MySTC Account wasn't found.
For documentation on this error, please visit: http://seleniumhq.org/exceptions/no_such_element.html
Build info: version: '2.44.0', revision: '76d78cf323ce037c5f92db6c1bba601c2ac43ad8', time: '2014-10-23 13:11:40'
System info: host: 'nb-philipps-7', ip: '192.168.178.20', os.name: 'Windows 7', os.arch: 'amd64', os.version: '6.1', java.version: '1.7.0_51'
Driver info: driver.version: unknown
	at com.perfectomobile.selenium.MobileVisualApplication.findElementByLinkText(MobileVisualApplication.java:192)
	at com.perfectomobile.StcTest.testrun(StcTest.java:134)
	at com.perfectomobile.StcTest.f(StcTest.java:45)
	at java.util.concurrent.ThreadPoolExecutor.runWorker(ThreadPoolExecutor.java:1145)
	at java.util.concurrent.ThreadPoolExecutor$Worker.run(ThreadPoolExecutor.java:615)
	at java.lang.Thread.run(Thread.java:744)
... Removed 17 stack frames]]>
    </failure>
  </testcase>
  <testcase name="f" time="24.807" classname="com.perfectomobile.StcTest"/>
</testsuite>
