<?xml version="1.0" encoding="UTF-8"?>
<testng-results skipped="0" failed="0" total="2" passed="2">
  <reporter-output>
    <line>
      <![CDATA[Test started on 1E674EB8]]>
    </line>
    <line>
      <![CDATA[Test Run finished]]>
    </line>
    <line>
      <![CDATA[c:\test\TestNG_1E674EB8.HTML]]>
    </line>
    <line>
      <![CDATA[<DIV valign="top" align="left" style="font-family: Verdana; font-style: normal; font-variant: normal; font-weight: normal; font-size: 10pt; color: black; text-indent: 0em; letter-spacing: normal; word-spacing: normal; text-transform: none;margin-top: 0pt; margin-bottom: 20pt; height: 3.146in; width: 10.562in; white-space: normal; line-height: normal">]]>
    </line>
    <line>
      <![CDATA[<!DOCTYPE HTML PUBLIC "-//W3C//DTD HTML 4.01//EN" "http://www.w3.org/TR/html4/loose.dtd">
<html>
	<head>
		<meta http-equiv="Content-Type" content="text/html; charset=utf-8">
			<style type="text/css">
					.style_49 { color: rgb(255, 128, 64);}
					.style_48 { color: red;}
					.style_47 { color: green;}
					.style_44 { color: red;}
					.style_45 { color: rgb(255, 128, 64);}
					.style_42 { font-style: italic;}
					.style_43 { color: green;}
					.style_41 { margin-top: 0pt; margin-right: 0pt; margin-left: 0pt; padding-right: 2mm; padding-left: 2mm;}
					.style_2 { width: 100%;}
					.style_3 { height: 90px; width: 190px;}
					.style_5 { font-size: 24pt; color: rgb(0, 64, 128);}
					.style_0 { font-family: Verdana; font-style: normal; font-variant: normal; font-weight: normal; font-size: 10pt; color: black; text-indent: 0em; letter-spacing: normal; word-spacing: normal; text-transform: none; white-space: normal; line-height: normal;}
					.style_1 { background-color: rgb(236, 241, 255);}
					.style_6 { height: 1cm;}
					.style_7 { margin-top: 0pt; margin-bottom: 20pt; height: 3.146in; width: 10.562in;}
					.style_57 { color: rgb(255, 128, 64);}
					.style_8 { font-size: 16pt;}
					.style_9 { font-weight: bold; font-size: 12pt;}
					.style_59 { color: green;}
					.style_53 { color: rgb(255, 128, 64);}
					.style_55 { color: green;}
					.style_56 { color: red;}
					.style_51 { color: green;}
					.style_52 { color: red;}
					.style_27 { margin-top: 0pt; margin-bottom: 0pt; padding-right: 1cm; padding-left: 1pt;}
					.style_26 { font-style: italic; font-weight: bold; color: white; background-color: rgb(0, 128, 192);}
					.style_25 { margin-top: 0pt; margin-bottom: 20pt; margin-left: 3pt; padding-right: 1pt; padding-left: 1pt;}
					.style_24 { font-size: 16pt; color: rgb(0, 64, 128); margin-top: 0pt; margin-bottom: 5pt;}
					.style_29 { padding-right: 1cm; padding-left: 1pt;}
					.style_28 { margin-top: 0pt; padding-right: 1cm; padding-left: 1pt;}
					.style_23 { height: 2.562in; width: 9.458in;}
					.style_20 { margin-top: 0pt;}
					.style_21 { margin-top: 0pt;}
					.style_36 { font-size: 16pt; color: rgb(0, 64, 128);}
					.style_35 { border-bottom: thin solid rgb(0, 0, 0);}
					.style_37 { margin-top: 0pt; margin-bottom: 4mm; margin-left: 3pt; padding-bottom: 1pt;}
					.style_39 { font-style: italic; font-weight: bold;}
					.style_30 { margin-left: 0pt; padding-right: 1cm; padding-left: 1pt;}
					.style_31 { margin-left: 0pt; padding-right: 1.5cm; padding-left: 1pt;}
					.style_32 { margin-left: 0pt; padding-right: 1.5cm; padding-left: 1pt;}
					.style_33 { border-top: thin solid rgb(0, 0, 0);}
					.style_34 { margin-bottom: 3pt;}
					.style_77 { color: rgb(255, 128, 64);}
					.style_76 { color: red;}
					.style_75 { color: green;}
					.style_105 { margin-top: auto; margin-left: 3pt; width: 99.5%;}
					.style_106 { font-style: italic; font-weight: bold; color: rgb(255, 255, 255); background-color: rgb(0, 128, 192);}
					.style_73 { color: rgb(255, 128, 64);}
					.style_107 { border-top: thin dotted rgb(0, 0, 0);}
					.style_72 { color: red;}
					.style_108 { font-weight: bold;}
					.style_71 { color: green;}
					.style_101 { font-size: 9pt;}
					.style_102 { white-space: normal;}
					.style_104 { margin: 0pt;}
					.style_100 { font-weight: bold; font-size: 9pt;}
					.style_79 { color: green;}
					.style_17 { margin-top: 0pt;}
					.style_65 { color: rgb(255, 128, 64);}
					.style_64 { color: red;}
					.style_19 { margin-top: 0pt;}
					.style_67 { color: green;}
					.style_13 { color: red;}
					.style_61 { color: rgb(255, 128, 64);}
					.style_14 { color: rgb(255, 128, 64);}
					.style_60 { color: red;}
					.style_63 { color: green;}
					.style_16 { width: 100%;}
					.style_12 { color: green;}
					.style_11 { height: 16px; width: 16px;}
					.style_68 { color: red;}
					.style_69 { color: rgb(255, 128, 64);}
					.style_95 { height: 300px;}
					.style_93 { font-weight: bold; font-size: 10pt;}
					.style_97 { font-size: 9pt;}
					.style_92 { margin-left: 0pt; padding-top: 1pt; border-top: 1px dotted rgb(0, 0, 0);}
					.style_91 { font-size: 10pt;}
					.style_90 { font-style: italic; font-weight: bold; color: white; background-color: rgb(0, 128, 192);}
					.style_83 { font-style: italic; color: red;}
					.style_85 { font-style: italic; color: rgb(0, 0, 0);}
					.style_84 { font-style: italic; color: rgb(255, 128, 64);}
					.style_87 { font-style: italic;}
					.style_89 { margin-top: 0pt; margin-bottom: 4mm; margin-left: 3pt; width: 99.5%;}
					.style_88 { height: 150px;}
					.style_81 { color: rgb(255, 128, 64);}
					.style_80 { color: red;}
			</style>
			<script type="text/javascript">
			 //<![CDATA[
			   function redirect(target, url){
			       if (target =='_blank'){
			           open(url);
			       }
			       else if (target == '_top'){
			           window.top.location.href=url;
			       }
			       else if (target == '_parent'){
			           location.href=url;
			       }
			       else if (target == '_self'){
			           location.href =url;
			       }
			       else{
			           open(url);
			       }
			      }
			 //]]]]><![CDATA[>
			</script>
		</head>
		<body class="style_0" style=" margin:0px;">
			<table cellpadding="0" style="empty-cells: show; border-collapse:collapse; background-color: rgb(236, 241, 255); width:100%;">
				<col></col>
				<tr>
					<td></td>
				</tr>
				<tr>
					<td valign="top">
						<table class="style_2" style="border-collapse: collapse; empty-cells: show; width: 100%;" id="AUTOGENBOOKMARK_1_75a9fd06-3db6-4a9b-b07d-6b39ed8be733">
							<col style=" width: 3.146in;"></col>
							<col style=" width: 7.385in;"></col>
							<col></col>
							<tr valign="top" align="left">
								<td>
									<div>
										<img class="style_3" id="AUTOGENBOOKMARK_2_b4ed463c-efe4-4349-9e85-f807657d4a1d" src="https://demo.perfectomobile.com/nexperience/reportImages/perfecto_mobile.gif" alt="" style=" width: 190px; height: 90px;display: block;"></img>
									</div>
								</td>
								<td valign="bottom">
									<div class="style_5" style=" text-decoration: underline; text-align:left;">Script controller</div>
								</td>
								<td></td>
							</tr>
							<tr class="style_6" style=" height: 1cm;" valign="top" align="left">
								<td></td>
								<td valign="bottom"></td>
								<td></td>
							</tr>
						</table>
						<table class="style_7" style="border-collapse: collapse; empty-cells: show; height: 3.146in; width: 10.562in;" id="__bookmark_1">
							<col style=" width: 1.552in;"></col>
							<col style=" width: 0.208in;"></col>
							<col style=" width: 8.802in;"></col>
							<tr valign="top" align="left">
								<td class="style_8" align="right" valign="middle">
									<div class="style_9" id="AUTOGENBOOKMARK_3_d56937bd-5960-49cf-958e-7eea01d51d9b">Cloud:</div>
								</td>
								<td valign="middle"></td>
								<td valign="middle">
									<div>demo.perfectomobile.com</div>
								</td>
							</tr>
							<tr valign="top" align="left">
								<td class="style_8" align="right" valign="middle">
									<div class="style_9" id="AUTOGENBOOKMARK_4_83903fe4-69eb-43b3-a154-f6f5bdd382b0">Path:</div>
								</td>
								<td valign="middle"></td>
								<td valign="middle">
									<div>philipps@perfectomobile.com Reports/controller/controller_15-02-19_09_35_58_5085.xml</div>
								</td>
							</tr>
							<tr valign="top" align="left">
								<td class="style_8" align="right" valign="middle">
									<div class="style_9" id="AUTOGENBOOKMARK_5_75f36b36-99e5-4755-b8e4-a188ec6b8cc0">Status:</div>
								</td>
								<td valign="middle"></td>
								<td valign="middle">
									<table class="style_2" style="border-collapse: collapse; empty-cells: show; width: 100%;" id="AUTOGENBOOKMARK_6_b27d391f-1d53-402a-aee3-ee9fb1ab98a1">
										<col></col>
										<tr valign="top" align="left">
											<td>
												<table class="style_2" style="border-collapse: collapse; empty-cells: show; width: 100%;" id="AUTOGENBOOKMARK_7_7ec657f6-8a4f-4ecd-8adc-2a4e29ec5bd0">
													<col style=" width: 17px;"></col>
													<col></col>
													<tr valign="top" align="left">
														<td>
															<div>
																<img class="style_11" id="AUTOGENBOOKMARK_8_5e261489-0842-44ac-a541-7add682f6314" src="https://demo.perfectomobile.com/nexperience/reportImages/result_passed.png" alt="" style=" width: 16px; height: 16px;display: block;"></img>
															</div>
														</td>
														<td>
															<div class="style_12">Success</div>
														</td>
													</tr>
												</table>
											</td>
										</tr>
									</table>
								</td>
							</tr>
							<tr valign="top" align="left">
								<td class="style_8" align="right" valign="middle">
									<div class="style_9" id="AUTOGENBOOKMARK_9_f38e53ad-f5f9-4c34-a00d-8006758fe594">Executed by:</div>
								</td>
								<td valign="middle"></td>
								<td valign="middle">
									<div>philipps@perfectomobile.com</div>
								</td>
							</tr>
							<tr valign="top" align="left">
								<td class="style_8" align="right" valign="middle">
									<div class="style_9" id="AUTOGENBOOKMARK_10_34d821ad-9067-4511-9628-9db8d4bfdb02">Start time:</div>
								</td>
								<td valign="middle"></td>
								<td valign="middle">
									<div>Feb 19, 2015, 9:35 AM</div>
								</td>
							</tr>
							<tr valign="top" align="left">
								<td class="style_8" align="right" valign="middle">
									<div class="style_9" id="AUTOGENBOOKMARK_11_8df74124-c5da-4e47-983f-e29dee2da773">End time:</div>
								</td>
								<td valign="middle"></td>
								<td valign="middle">
									<div>Feb 19, 2015, 9:38 AM</div>
								</td>
							</tr>
							<tr valign="top" align="left">
								<td class="style_8" align="right" valign="middle">
									<div class="style_9" id="AUTOGENBOOKMARK_12_a82cf9ff-5550-4ff4-9f70-22904cbd27b8">Duration:</div>
								</td>
								<td valign="middle"></td>
								<td valign="middle">
									<table class="style_16" style="border-collapse: collapse; empty-cells: show; width: 100%;" id="AUTOGENBOOKMARK_13_e3c66971-80ad-4c72-8eec-79c277692986">
										<col style=" width: 6mm;"></col>
										<col style=" width: 1.8cm;"></col>
										<col style=" width: 6mm;"></col>
										<col></col>
										<tr valign="top" align="left">
											<td>
												<div class="style_19" style=" text-align:right;">2</div>
											</td>
											<td>
												<div id="AUTOGENBOOKMARK_14_04752b32-295b-475a-943a-39b1db35f3b6" style=" text-align:left;">&#xa0;minutes,</div>
											</td>
											<td>
												<div class="style_20" style=" text-align:right;">29</div>
											</td>
											<td>
												<div id="AUTOGENBOOKMARK_15_054eecea-de0f-4a89-9317-12512b0964e8" style=" text-align:left;">&#xa0;seconds</div>
											</td>
										</tr>
									</table>
								</td>
							</tr>
						</table>
						<div>
							<img class="style_23" id="__bookmark_3" src="https://demo.perfectomobile.com/nexperience/reportImages/temp/custom500dff4314ba133e96b1.png" alt="" style=" width: 681pt; height: 184.5pt;display: block;"></img>
						</div>
						<div class="style_24" id="AUTOGENBOOKMARK_16_30c2acb5-23df-4f27-9be5-c32d210049c6" style=" text-decoration: underline; text-align:left;">Devices</div>
						<table class="style_25" style="border-collapse: collapse; empty-cells: show;" id="__bookmark_4">
							<col></col>
							<col></col>
							<col></col>
							<col></col>
							<col></col>
							<tr class="style_26" valign="top" align="left">
								<th class="style_27" style="font-weight: bold;" align="left">
									<div id="AUTOGENBOOKMARK_17_d777d57c-0f36-4cc6-8ada-6f70cb8c9f52">manufacturer</div>
								</th>
								<th class="style_28" style="font-weight: bold;" align="left">
									<div id="AUTOGENBOOKMARK_18_e0a5a6c7-93ea-42f7-8f5c-ccb7eb1700ce">model</div>
								</th>
								<th class="style_29" style="font-weight: bold;" align="left">
									<div id="AUTOGENBOOKMARK_19_112fcd2e-a0a8-4b13-a695-4201d572dcdf">version</div>
								</th>
								<th class="style_30" style="font-weight: bold;" align="left">
									<div id="AUTOGENBOOKMARK_20_4965fd2b-3d0d-41da-ae6c-a5b897d5b96f">IMEI</div>
								</th>
								<th style="font-weight: bold;"></th>
							</tr>
							<tr class="style_33" valign="top" align="left">
								<td class="style_27" style=" border-top: thin solid rgb(0, 0, 0);" align="left">
									<div>Samsung</div>
								</td>
								<td class="style_28" style=" border-top: thin solid rgb(0, 0, 0);" align="left">
									<div>Galaxy S5</div>
								</td>
								<td class="style_29" style=" border-top: thin solid rgb(0, 0, 0);" align="left">
									<div>kltexx-user 4.4.2 KOT49H G900FXXU1ANCE release-keys</div>
								</td>
								<td class="style_30" style=" border-top: thin solid rgb(0, 0, 0);" align="left">
									<div>1E674EB8</div>
								</td>
								<td style=" border-top: thin solid rgb(0, 0, 0);">
									<div class="style_34">
										<a href="https://demo.perfectomobile.com/nexperience/videoPlayer.jsp?liveUri=rtmp://demo.perfectomobile.com/vod&amp;serverId=null&amp;file=/private/philipps@perfectomobile.com/controller/controller_15-02-19_09_35_58_5085.xml.files/video/play0/1E674EB8_09_36_04_13610.flv&amp;manufacturer=Samsung&amp;model=Galaxy%20S5&amp;videoWidth=1080&amp;videoHeight=1920" target="_blank">Video (8.299 - 139.917 seconds)</a>
									</div>
								</td>
							</tr>
							<tr valign="top" align="left">
								<td class="style_27" align="left"></td>
								<td class="style_28" align="left"></td>
								<td class="style_29" align="left"></td>
								<td class="style_30" align="left"></td>
								<td></td>
							</tr>
							<tr valign="top" align="left">
								<td class="style_27" align="left"></td>
								<td class="style_28" align="left"></td>
								<td class="style_29" align="left"></td>
								<td class="style_30" align="left"></td>
								<td></td>
							</tr>
							<tr valign="top" align="left">
								<td class="style_27" align="left"></td>
								<td class="style_28" align="left"></td>
								<td class="style_29" align="left"></td>
								<td class="style_30" align="left"></td>
								<td></td>
							</tr>
							<tr valign="top" align="left">
								<td class="style_27" align="left"></td>
								<td class="style_28" align="left"></td>
								<td class="style_29" align="left"></td>
								<td class="style_30" align="left"></td>
								<td></td>
							</tr>
							<tr valign="top" align="left">
								<td class="style_27" align="left"></td>
								<td class="style_28" align="left"></td>
								<td class="style_29" align="left"></td>
								<td class="style_30" align="left"></td>
								<td></td>
							</tr>
							<tr valign="top" align="left">
								<td class="style_27" align="left"></td>
								<td class="style_28" align="left"></td>
								<td class="style_29" align="left"></td>
								<td class="style_30" align="left"></td>
								<td></td>
							</tr>
							<tr valign="top" align="left">
								<td class="style_27" align="left"></td>
								<td class="style_28" align="left"></td>
								<td class="style_29" align="left"></td>
								<td class="style_30" align="left"></td>
								<td></td>
							</tr>
							<tr valign="top" align="left">
								<td class="style_27" align="left"></td>
								<td class="style_28" align="left"></td>
								<td class="style_29" align="left"></td>
								<td class="style_30" align="left"></td>
								<td></td>
							</tr>
							<tr class="style_35" valign="top" align="left">
								<td class="style_27" style=" border-bottom: thin solid rgb(0, 0, 0);" align="left"></td>
								<td class="style_28" style=" border-bottom: thin solid rgb(0, 0, 0);" align="left"></td>
								<td class="style_29" style=" border-bottom: thin solid rgb(0, 0, 0);" align="left"></td>
								<td class="style_30" style=" border-bottom: thin solid rgb(0, 0, 0);" align="left"></td>
								<td style=" border-bottom: thin solid rgb(0, 0, 0);"></td>
							</tr>
							<tr valign="top" align="left">
								<td class="style_27" align="left"></td>
								<td class="style_28" align="left"></td>
								<td class="style_29" align="left"></td>
								<td class="style_30" align="left"></td>
								<td></td>
							</tr>
						</table>
						<div class="style_36" id="AUTOGENBOOKMARK_21_106c9a10-16de-47de-bc62-017aa424d5c2" style=" text-decoration: underline; text-align:left;">Execution Sequence</div>
						<table class="style_37" style="border-collapse: collapse; empty-cells: show;" id="__bookmark_5">
							<col style=" width: 0.885in;"></col>
							<col style=" width: 20px;"></col>
							<col></col>
							<col></col>
							<tr valign="top" align="center">
								<th style="font-weight: normal;">
									<div class="style_39" id="AUTOGENBOOKMARK_22_5aaf912d-5901-43a6-bf60-a4f204b18559" style=" text-align:left;">Time (seconds)</div>
								</th>
								<th style="font-weight: normal;"></th>
								<th style="font-weight: normal;"></th>
								<th style="font-weight: normal;"></th>
							</tr>
							<tr valign="top" align="left">
								<td>
									<div class="style_42">0</div>
								</td>
								<td>
									<table class="style_2" style="border-collapse: collapse; empty-cells: show; width: 100%;" id="AUTOGENBOOKMARK_23_ca9341c0-3cf7-499d-a1c5-fe3ea5335308">
										<col style=" width: 17px;"></col>
										<tr valign="top" align="left">
											<td>
												<div>
													<img class="style_11" id="AUTOGENBOOKMARK_24_55475604-aa93-4a5c-ac80-4a6ca66b3253" src="https://demo.perfectomobile.com/nexperience/reportImages/result_passed.png" alt="" style=" width: 16px; height: 16px;display: block;"></img>
												</div>
											</td>
										</tr>
									</table>
								</td>
								<td></td>
								<td></td>
							</tr>
							<tr valign="top" align="left">
								<td>
									<div class="style_42">0.002</div>
								</td>
								<td>
									<table class="style_2" style="border-collapse: collapse; empty-cells: show; width: 100%;" id="AUTOGENBOOKMARK_25_f412034f-6077-46b6-971d-57e2c16af117">
										<col style=" width: 17px;"></col>
										<tr valign="top" align="left">
											<td>
												<div>
													<img class="style_11" id="AUTOGENBOOKMARK_26_1b944f3f-6720-4d41-9e16-318fadb26918" src="https://demo.perfectomobile.com/nexperience/reportImages/result_passed.png" alt="" style=" width: 16px; height: 16px;display: block;"></img>
												</div>
											</td>
										</tr>
									</table>
								</td>
								<td>
									<table class="style_2" style="border-collapse: collapse; empty-cells: show; width: 100%;" id="AUTOGENBOOKMARK_27_acffe3d8-a1e0-43df-b7f5-dcf3379a7dab">
										<col style=" width: 17px;"></col>
										<col></col>
										<tr valign="top" align="left">
											<td>
												<div>
													<img class="style_11" id="AUTOGENBOOKMARK_28_882e123e-5619-45f4-9bda-739566e0044b" src="https://demo.perfectomobile.com/nexperience/reportImages/scripts.png" alt="" style=" width: 16px; height: 16px;display: block;"></img>
												</div>
											</td>
											<td>
												<div class="style_43">
													<a href="#2.0" style=" color: green;">Script play0</a>
												</div>
											</td>
										</tr>
									</table>
								</td>
								<td></td>
							</tr>
							<tr valign="top" align="left">
								<td>
									<div class="style_42">0.364</div>
								</td>
								<td>
									<table class="style_2" style="border-collapse: collapse; empty-cells: show; width: 100%;" id="AUTOGENBOOKMARK_29_8df9f54e-e102-4a1d-869c-999b5bc05c5d">
										<col style=" width: 17px;"></col>
										<tr valign="top" align="left">
											<td>
												<div>
													<img class="style_11" id="AUTOGENBOOKMARK_30_9f8c4522-1c73-4bed-b85a-68a3f660bc49" src="https://demo.perfectomobile.com/nexperience/reportImages/result_passed.png" alt="" style=" width: 16px; height: 16px;display: block;"></img>
												</div>
											</td>
										</tr>
									</table>
								</td>
								<td></td>
								<td>
									<table class="style_2" style="border-collapse: collapse; empty-cells: show; width: 100%;" id="AUTOGENBOOKMARK_31_94c0b13a-bd77-4683-9f04-a5c4929c7129">
										<col style=" width: 17px;"></col>
										<col></col>
										<tr valign="top" align="left">
											<td>
												<div>
													<img class="style_11" id="AUTOGENBOOKMARK_32_9a4de260-b3b2-42e2-a975-25002d71508a" src="https://demo.perfectomobile.com/nexperience/reportImages/action.png" alt="" style=" width: 16px; height: 16px;display: block;"></img>
												</div>
											</td>
											<td>
												<div class="style_47">
													<a href="#3.0" style=" color: green;">Open device</a>
												</div>
											</td>
										</tr>
									</table>
								</td>
							</tr>
							<tr valign="top" align="left">
								<td>
									<div class="style_42">8.569</div>
								</td>
								<td>
									<table class="style_2" style="border-collapse: collapse; empty-cells: show; width: 100%;" id="AUTOGENBOOKMARK_33_d4d13c8c-2c22-464e-adaf-1b175a4ac988">
										<col style=" width: 17px;"></col>
										<tr valign="top" align="left">
											<td>
												<div>
													<img class="style_11" id="AUTOGENBOOKMARK_34_f0e32ad8-775e-48e1-8f12-3989b277ea87" src="https://demo.perfectomobile.com/nexperience/reportImages/result_passed.png" alt="" style=" width: 16px; height: 16px;display: block;"></img>
												</div>
											</td>
										</tr>
									</table>
								</td>
								<td></td>
								<td>
									<table class="style_2" style="border-collapse: collapse; empty-cells: show; width: 100%;" id="AUTOGENBOOKMARK_35_787acede-137f-4e09-9b3f-7b87e3049d7c">
										<col style=" width: 17px;"></col>
										<col></col>
										<tr valign="top" align="left">
											<td>
												<div>
													<img class="style_11" id="AUTOGENBOOKMARK_36_57dca41a-2107-4d13-aaf4-b041a1410f35" src="https://demo.perfectomobile.com/nexperience/reportImages/action.png" alt="" style=" width: 16px; height: 16px;display: block;"></img>
												</div>
											</td>
											<td>
												<div class="style_47">
													<a href="#4.0" style=" color: green;">Uninstall application</a>
												</div>
											</td>
										</tr>
									</table>
								</td>
							</tr>
							<tr valign="top" align="left">
								<td>
									<div class="style_42">13.107</div>
								</td>
								<td>
									<table class="style_2" style="border-collapse: collapse; empty-cells: show; width: 100%;" id="AUTOGENBOOKMARK_37_96217868-ce95-4813-814b-3ab17aa6083d">
										<col style=" width: 17px;"></col>
										<tr valign="top" align="left">
											<td>
												<div>
													<img class="style_11" id="AUTOGENBOOKMARK_38_70b2888f-f363-4ded-9c0b-349cbccfd34d" src="https://demo.perfectomobile.com/nexperience/reportImages/result_passed.png" alt="" style=" width: 16px; height: 16px;display: block;"></img>
												</div>
											</td>
										</tr>
									</table>
								</td>
								<td></td>
								<td>
									<table class="style_2" style="border-collapse: collapse; empty-cells: show; width: 100%;" id="AUTOGENBOOKMARK_39_5da24b2c-deaf-42f6-946b-77ccb1d1115b">
										<col style=" width: 17px;"></col>
										<col></col>
										<tr valign="top" align="left">
											<td>
												<div>
													<img class="style_11" id="AUTOGENBOOKMARK_40_22b77617-433a-42a8-8b43-d10dfed7b1bf" src="https://demo.perfectomobile.com/nexperience/reportImages/action.png" alt="" style=" width: 16px; height: 16px;display: block;"></img>
												</div>
											</td>
											<td>
												<div class="style_47">
													<a href="#5.0" style=" color: green;">Install application</a>
												</div>
											</td>
										</tr>
									</table>
								</td>
							</tr>
							<tr valign="top" align="left">
								<td>
									<div class="style_42">81.038</div>
								</td>
								<td>
									<table class="style_2" style="border-collapse: collapse; empty-cells: show; width: 100%;" id="AUTOGENBOOKMARK_41_02fcb475-7734-4816-ada2-8bff15a75321">
										<col style=" width: 17px;"></col>
										<tr valign="top" align="left">
											<td>
												<div>
													<img class="style_11" id="AUTOGENBOOKMARK_42_6ad53cb7-073e-48dc-a3c9-6c8128c2c571" src="https://demo.perfectomobile.com/nexperience/reportImages/result_passed.png" alt="" style=" width: 16px; height: 16px;display: block;"></img>
												</div>
											</td>
										</tr>
									</table>
								</td>
								<td></td>
								<td>
									<table class="style_2" style="border-collapse: collapse; empty-cells: show; width: 100%;" id="AUTOGENBOOKMARK_43_fcbbd492-7eb9-479d-95f5-6726755d9a56">
										<col style=" width: 17px;"></col>
										<col></col>
										<tr valign="top" align="left">
											<td>
												<div>
													<img class="style_11" id="AUTOGENBOOKMARK_44_c5bf6f63-4420-4c90-86e5-85eaca296a82" src="https://demo.perfectomobile.com/nexperience/reportImages/action.png" alt="" style=" width: 16px; height: 16px;display: block;"></img>
												</div>
											</td>
											<td>
												<div class="style_47">
													<a href="#6.0" style=" color: green;">Home</a>
												</div>
											</td>
										</tr>
									</table>
								</td>
							</tr>
							<tr valign="top" align="left">
								<td>
									<div class="style_42">86.708</div>
								</td>
								<td>
									<table class="style_2" style="border-collapse: collapse; empty-cells: show; width: 100%;" id="AUTOGENBOOKMARK_45_14157068-1555-4c31-b495-d29530f02f47">
										<col style=" width: 17px;"></col>
										<tr valign="top" align="left">
											<td>
												<div>
													<img class="style_11" id="AUTOGENBOOKMARK_46_df3f1100-27cc-4713-81b8-50bdbf3b9760" src="https://demo.perfectomobile.com/nexperience/reportImages/result_passed.png" alt="" style=" width: 16px; height: 16px;display: block;"></img>
												</div>
											</td>
										</tr>
									</table>
								</td>
								<td></td>
								<td>
									<table class="style_2" style="border-collapse: collapse; empty-cells: show; width: 100%;" id="AUTOGENBOOKMARK_47_de0b8df0-9602-436e-940c-0806cb69feac">
										<col style=" width: 17px;"></col>
										<col></col>
										<tr valign="top" align="left">
											<td>
												<div>
													<img class="style_11" id="AUTOGENBOOKMARK_48_67488875-cae7-4c34-9c59-9033f0903c25" src="https://demo.perfectomobile.com/nexperience/reportImages/action.png" alt="" style=" width: 16px; height: 16px;display: block;"></img>
												</div>
											</td>
											<td>
												<div class="style_47">
													<a href="#7.0" style=" color: green;">Reset device location</a>
												</div>
											</td>
										</tr>
									</table>
								</td>
							</tr>
							<tr valign="top" align="left">
								<td>
									<div class="style_42">87.119</div>
								</td>
								<td>
									<table class="style_2" style="border-collapse: collapse; empty-cells: show; width: 100%;" id="AUTOGENBOOKMARK_49_b5eaa2f9-7b0a-47a3-86d9-331f40a3030a">
										<col style=" width: 17px;"></col>
										<tr valign="top" align="left">
											<td>
												<div>
													<img class="style_11" id="AUTOGENBOOKMARK_50_42236a3c-8c6e-44ef-92f3-613aa60db29e" src="https://demo.perfectomobile.com/nexperience/reportImages/result_passed.png" alt="" style=" width: 16px; height: 16px;display: block;"></img>
												</div>
											</td>
										</tr>
									</table>
								</td>
								<td></td>
								<td>
									<table class="style_2" style="border-collapse: collapse; empty-cells: show; width: 100%;" id="AUTOGENBOOKMARK_51_8c684a41-6521-4c9c-865f-7ce3c0999e0c">
										<col style=" width: 17px;"></col>
										<col></col>
										<tr valign="top" align="left">
											<td>
												<div>
													<img class="style_11" id="AUTOGENBOOKMARK_52_c20e71b9-dbb4-4996-8468-5e5dd6d3a34a" src="https://demo.perfectomobile.com/nexperience/reportImages/action.png" alt="" style=" width: 16px; height: 16px;display: block;"></img>
												</div>
											</td>
											<td>
												<div class="style_47">
													<a href="#8.0" style=" color: green;">Start application</a>
												</div>
											</td>
										</tr>
									</table>
								</td>
							</tr>
							<tr valign="top" align="left">
								<td>
									<div class="style_42">88.057</div>
								</td>
								<td>
									<table class="style_2" style="border-collapse: collapse; empty-cells: show; width: 100%;" id="AUTOGENBOOKMARK_53_067279ba-a92e-47ab-9c98-5031f5b2f0bc">
										<col style=" width: 17px;"></col>
										<tr valign="top" align="left">
											<td>
												<div>
													<img class="style_11" id="AUTOGENBOOKMARK_54_cd3fcee0-286b-4f09-bf52-42615ccc06f8" src="https://demo.perfectomobile.com/nexperience/reportImages/result_passed.png" alt="" style=" width: 16px; height: 16px;display: block;"></img>
												</div>
											</td>
										</tr>
									</table>
								</td>
								<td></td>
								<td>
									<table class="style_2" style="border-collapse: collapse; empty-cells: show; width: 100%;" id="AUTOGENBOOKMARK_55_1c8875e2-d23e-4645-b603-727e2585f5d6">
										<col style=" width: 17px;"></col>
										<col></col>
										<tr valign="top" align="left">
											<td>
												<div>
													<img class="style_11" id="AUTOGENBOOKMARK_56_e6bcb04e-03e0-4a73-b48b-a4d9782dd3ef" src="https://demo.perfectomobile.com/nexperience/reportImages/action.png" alt="" style=" width: 16px; height: 16px;display: block;"></img>
												</div>
											</td>
											<td>
												<div class="style_47">
													<a href="#9.0" style=" color: green;">Find text</a>
												</div>
											</td>
										</tr>
									</table>
								</td>
							</tr>
							<tr valign="top" align="left">
								<td>
									<div class="style_42">103.091</div>
								</td>
								<td>
									<table class="style_2" style="border-collapse: collapse; empty-cells: show; width: 100%;" id="AUTOGENBOOKMARK_57_104918d9-618f-477b-abd0-12b6bec0d8ee">
										<col style=" width: 17px;"></col>
										<tr valign="top" align="left">
											<td>
												<div>
													<img class="style_11" id="AUTOGENBOOKMARK_58_06c43c28-4539-425c-93c0-8c4169642198" src="https://demo.perfectomobile.com/nexperience/reportImages/result_passed.png" alt="" style=" width: 16px; height: 16px;display: block;"></img>
												</div>
											</td>
										</tr>
									</table>
								</td>
								<td></td>
								<td>
									<table class="style_2" style="border-collapse: collapse; empty-cells: show; width: 100%;" id="AUTOGENBOOKMARK_59_4857b830-4926-461d-b871-65245afae748">
										<col style=" width: 17px;"></col>
										<col></col>
										<tr valign="top" align="left">
											<td>
												<div>
													<img class="style_11" id="AUTOGENBOOKMARK_60_e868047f-ac9a-4904-a797-6afcc7c1e5a8" src="https://demo.perfectomobile.com/nexperience/reportImages/action.png" alt="" style=" width: 16px; height: 16px;display: block;"></img>
												</div>
											</td>
											<td>
												<div class="style_47">
													<a href="#10.0" style=" color: green;">Set device location</a>
												</div>
											</td>
										</tr>
									</table>
								</td>
							</tr>
							<tr valign="top" align="left">
								<td>
									<div class="style_42">103.786</div>
								</td>
								<td>
									<table class="style_2" style="border-collapse: collapse; empty-cells: show; width: 100%;" id="AUTOGENBOOKMARK_61_2c409632-aaf9-4726-9a9c-8bce23e1a1e0">
										<col style=" width: 17px;"></col>
										<tr valign="top" align="left">
											<td>
												<div>
													<img class="style_11" id="AUTOGENBOOKMARK_62_beaa861a-a6f0-40cb-bb9d-7f2691310535" src="https://demo.perfectomobile.com/nexperience/reportImages/result_passed.png" alt="" style=" width: 16px; height: 16px;display: block;"></img>
												</div>
											</td>
										</tr>
									</table>
								</td>
								<td></td>
								<td>
									<table class="style_2" style="border-collapse: collapse; empty-cells: show; width: 100%;" id="AUTOGENBOOKMARK_63_5496b80d-4009-4c38-9a3c-cee5b146afe1">
										<col style=" width: 17px;"></col>
										<col></col>
										<tr valign="top" align="left">
											<td>
												<div>
													<img class="style_11" id="AUTOGENBOOKMARK_64_8b58a6d3-9ca4-4375-8917-b08b6c289dfd" src="https://demo.perfectomobile.com/nexperience/reportImages/action.png" alt="" style=" width: 16px; height: 16px;display: block;"></img>
												</div>
											</td>
											<td>
												<div class="style_47">
													<a href="#11.0" style=" color: green;">Application.Element.Find</a>
												</div>
											</td>
										</tr>
									</table>
								</td>
							</tr>
							<tr valign="top" align="left">
								<td>
									<div class="style_42">107.638</div>
								</td>
								<td>
									<table class="style_2" style="border-collapse: collapse; empty-cells: show; width: 100%;" id="AUTOGENBOOKMARK_65_923ac5b8-155e-432e-af6b-35865707c4a8">
										<col style=" width: 17px;"></col>
										<tr valign="top" align="left">
											<td>
												<div>
													<img class="style_11" id="AUTOGENBOOKMARK_66_c9f5b140-ec5c-414c-9cda-46e5fb42b0ae" src="https://demo.perfectomobile.com/nexperience/reportImages/result_passed.png" alt="" style=" width: 16px; height: 16px;display: block;"></img>
												</div>
											</td>
										</tr>
									</table>
								</td>
								<td></td>
								<td>
									<table class="style_2" style="border-collapse: collapse; empty-cells: show; width: 100%;" id="AUTOGENBOOKMARK_67_285035ed-b080-4d65-b714-e934b8b665cc">
										<col style=" width: 17px;"></col>
										<col></col>
										<tr valign="top" align="left">
											<td>
												<div>
													<img class="style_11" id="AUTOGENBOOKMARK_68_9e8efe2e-3b49-4d74-91c7-bbf526cf7a5c" src="https://demo.perfectomobile.com/nexperience/reportImages/action.png" alt="" style=" width: 16px; height: 16px;display: block;"></img>
												</div>
											</td>
											<td>
												<div class="style_47">
													<a href="#12.0" style=" color: green;">Application.Element.Click</a>
												</div>
											</td>
										</tr>
									</table>
								</td>
							</tr>
							<tr valign="top" align="left">
								<td>
									<div class="style_42">111.855</div>
								</td>
								<td>
									<table class="style_2" style="border-collapse: collapse; empty-cells: show; width: 100%;" id="AUTOGENBOOKMARK_69_fe2384d3-269f-4840-b0c9-0e51cfd9c05b">
										<col style=" width: 17px;"></col>
										<tr valign="top" align="left">
											<td>
												<div>
													<img class="style_11" id="AUTOGENBOOKMARK_70_11428c45-146f-404b-8b76-55f64f7114aa" src="https://demo.perfectomobile.com/nexperience/reportImages/result_passed.png" alt="" style=" width: 16px; height: 16px;display: block;"></img>
												</div>
											</td>
										</tr>
									</table>
								</td>
								<td></td>
								<td>
									<table class="style_2" style="border-collapse: collapse; empty-cells: show; width: 100%;" id="AUTOGENBOOKMARK_71_db636c28-eb3c-41a5-b683-1fb0f64749d1">
										<col style=" width: 17px;"></col>
										<col></col>
										<tr valign="top" align="left">
											<td>
												<div>
													<img class="style_11" id="AUTOGENBOOKMARK_72_b3a68eaf-a52e-464b-928d-2b8d9c21179b" src="https://demo.perfectomobile.com/nexperience/reportImages/action.png" alt="" style=" width: 16px; height: 16px;display: block;"></img>
												</div>
											</td>
											<td>
												<div class="style_47">
													<a href="#13.0" style=" color: green;">Find text</a>
												</div>
											</td>
										</tr>
									</table>
								</td>
							</tr>
							<tr valign="top" align="left">
								<td>
									<div class="style_42">132.834</div>
								</td>
								<td>
									<table class="style_2" style="border-collapse: collapse; empty-cells: show; width: 100%;" id="AUTOGENBOOKMARK_73_412a026e-8f1c-44a9-8e31-2ab148d2e5e8">
										<col style=" width: 17px;"></col>
										<tr valign="top" align="left">
											<td>
												<div>
													<img class="style_11" id="AUTOGENBOOKMARK_74_4dd69fd7-0037-493d-9d9a-cd044c73b06d" src="https://demo.perfectomobile.com/nexperience/reportImages/result_passed.png" alt="" style=" width: 16px; height: 16px;display: block;"></img>
												</div>
											</td>
										</tr>
									</table>
								</td>
								<td></td>
								<td>
									<table class="style_2" style="border-collapse: collapse; empty-cells: show; width: 100%;" id="AUTOGENBOOKMARK_75_01c4c566-213f-483e-ada0-3e7c40d82c1f">
										<col style=" width: 17px;"></col>
										<col></col>
										<tr valign="top" align="left">
											<td>
												<div>
													<img class="style_11" id="AUTOGENBOOKMARK_76_66295e04-0722-4f72-8839-e66769e57305" src="https://demo.perfectomobile.com/nexperience/reportImages/action.png" alt="" style=" width: 16px; height: 16px;display: block;"></img>
												</div>
											</td>
											<td>
												<div class="style_47">
													<a href="#14.0" style=" color: green;">Close application</a>
												</div>
											</td>
										</tr>
									</table>
								</td>
							</tr>
							<tr valign="top" align="left">
								<td>
									<div class="style_42">136.917</div>
								</td>
								<td>
									<table class="style_2" style="border-collapse: collapse; empty-cells: show; width: 100%;" id="AUTOGENBOOKMARK_77_32729bf6-02cb-42c7-bef4-1d0498bbacf6">
										<col style=" width: 17px;"></col>
										<tr valign="top" align="left">
											<td>
												<div>
													<img class="style_11" id="AUTOGENBOOKMARK_78_b37d0a61-04ed-4c6e-b6c4-451afbf66079" src="https://demo.perfectomobile.com/nexperience/reportImages/result_passed.png" alt="" style=" width: 16px; height: 16px;display: block;"></img>
												</div>
											</td>
										</tr>
									</table>
								</td>
								<td></td>
								<td>
									<table class="style_2" style="border-collapse: collapse; empty-cells: show; width: 100%;" id="AUTOGENBOOKMARK_79_c84b5031-18d0-432a-8d4c-da8b05c37e0d">
										<col style=" width: 17px;"></col>
										<col></col>
										<tr valign="top" align="left">
											<td>
												<div>
													<img class="style_11" id="AUTOGENBOOKMARK_80_3470ea27-7dc1-4bfa-8b8e-c07df3a3b622" src="https://demo.perfectomobile.com/nexperience/reportImages/action.png" alt="" style=" width: 16px; height: 16px;display: block;"></img>
												</div>
											</td>
											<td>
												<div class="style_47">
													<a href="#15.0" style=" color: green;">Close device</a>
												</div>
											</td>
										</tr>
									</table>
								</td>
							</tr>
						</table>
						<table class="style_89" style="border-collapse: collapse; empty-cells: show; width: 99.5%;" id="__bookmark_6">
							<col></col>
							<col style=" width: 2cm;"></col>
							<col style=" width: 23mm;"></col>
							<col style=" width: 2cm;"></col>
							<col style=" width: 2cm;"></col>
							<col></col>
							<col></col>
							<col></col>
							<col></col>
							<tr class="style_90" valign="top" align="center">
								<th style="font-weight: bold;"></th>
								<th style="font-weight: bold;">
									<div id="AUTOGENBOOKMARK_81_ed387a97-9fd8-4cd0-b83e-ef23de6ee31b" style=" text-align:left;">Start Time&#xa0;</div>
								</th>
								<th style="font-weight: bold;">
									<div id="AUTOGENBOOKMARK_82_cf1bb57e-28a0-4f06-a9f2-7e7a4e6dc914" style=" text-align:left;">Status&#xa0;</div>
								</th>
								<th style="font-weight: bold;">
									<div id="AUTOGENBOOKMARK_83_3ab260cf-b5de-4e6b-bbcd-aa159a7319ff" style=" text-align:left;">Elapsed Time&#xa0;</div>
								</th>
								<th style="font-weight: bold;">
									<div id="AUTOGENBOOKMARK_84_da1ed6d1-40b4-4c75-b02c-3777fa5473b7" style=" text-align:left;">UX&#xa0;<br/>Time</div>
								</th>
								<th style="font-weight: bold;">
									<div id="AUTOGENBOOKMARK_85_6df594c6-fb0a-4d02-8ebf-ee86326f2805" style=" text-align:left;">Parameters&#xa0;</div>
								</th>
								<th style="font-weight: bold;">
									<div id="AUTOGENBOOKMARK_86_f7cdd81c-6b2f-4327-8875-f7c4af70bba6" style=" text-align:left;">Expected Value</div>
								</th>
								<th style="font-weight: bold;">
									<div id="AUTOGENBOOKMARK_87_bb9b1954-5e06-4eaa-a924-b7e1651090ef" style=" text-align:left;">Actual Value</div>
								</th>
								<th style="font-weight: bold;">
									<div id="AUTOGENBOOKMARK_88_b35beb18-89d3-40c2-9e40-7f72518703da" style=" text-align:left;">Comments&#xa0;</div>
								</th>
							</tr>
							<tr class="style_92" valign="top" align="left">
								<td style=" border-top: 1px dotted rgb(0, 0, 0);">
									<div class="style_93" id="1.0">Script controller</div>
								</td>
								<td style=" border-top: 1px dotted rgb(0, 0, 0);">
									<div>0</div>
								</td>
								<td style=" border-top: 1px dotted rgb(0, 0, 0);">
									<table class="style_2" style="border-collapse: collapse; empty-cells: show; width: 100%;" id="AUTOGENBOOKMARK_89_95d6d365-04a0-4d07-a000-7a0fd845cd26">
										<col style=" width: 17px;"></col>
										<col></col>
										<tr valign="top" align="left">
											<td>
												<div>
													<img class="style_11" id="AUTOGENBOOKMARK_90_185f86dc-2530-49b4-be6b-070bf8478c71" src="https://demo.perfectomobile.com/nexperience/reportImages/result_passed.png" alt="" style=" width: 16px; height: 16px;display: block;"></img>
												</div>
											</td>
											<td>
												<div class="style_97">Success</div>
											</td>
										</tr>
									</table>
								</td>
								<td style=" border-top: 1px dotted rgb(0, 0, 0);">
									<div>150.0</div>
								</td>
								<td style=" border-top: 1px dotted rgb(0, 0, 0);">
									<div>0.0</div>
								</td>
								<td style=" border-top: 1px dotted rgb(0, 0, 0);">
									<table class="style_16" style="border-collapse: collapse; empty-cells: show; width: 100%;" id="AUTOGENBOOKMARK_91_8968f9bc-7838-4688-95ba-99be90ec774b">
										<col style=" width: 2cm;"></col>
										<col></col>
										<tr valign="top" align="left">
											<td>
												<div class="style_100">Device:</div>
											</td>
											<td>
												<div class="style_101" style=" text-align:left;">Samsung Galaxy S5</div>
											</td>
										</tr>
									</table>
								</td>
								<td style=" border-top: 1px dotted rgb(0, 0, 0);">
									<table class="style_2" style="border-collapse: collapse; empty-cells: show; width: 100%;" id="AUTOGENBOOKMARK_92_ec0b4caf-6957-4543-ba5b-8dbb4c52242f">
										<col></col>
										<tr valign="top" align="left">
											<td></td>
										</tr>
										<tr valign="top" align="left">
											<td></td>
										</tr>
										<tr valign="top" align="left">
											<td></td>
										</tr>
									</table>
								</td>
								<td style=" border-top: 1px dotted rgb(0, 0, 0);">
									<table class="style_2" style="border-collapse: collapse; empty-cells: show; width: 100%;" id="AUTOGENBOOKMARK_93_ae694ea8-3a32-492e-8daa-f47e400938ce">
										<col></col>
										<tr valign="top" align="left">
											<td></td>
										</tr>
										<tr valign="top" align="left">
											<td></td>
										</tr>
										<tr valign="top" align="left">
											<td></td>
										</tr>
									</table>
								</td>
								<td style=" border-top: 1px dotted rgb(0, 0, 0);"></td>
							</tr>
							<tr class="style_92" valign="top" align="left">
								<td style=" border-top: 1px dotted rgb(0, 0, 0);">
									<div class="style_93" id="2.0">Script play0</div>
								</td>
								<td style=" border-top: 1px dotted rgb(0, 0, 0);">
									<div>0.002</div>
								</td>
								<td style=" border-top: 1px dotted rgb(0, 0, 0);">
									<table class="style_2" style="border-collapse: collapse; empty-cells: show; width: 100%;" id="AUTOGENBOOKMARK_94_09566fd8-6618-47b8-897c-094237e9fbf0">
										<col style=" width: 17px;"></col>
										<col></col>
										<tr valign="top" align="left">
											<td>
												<div>
													<img class="style_11" id="AUTOGENBOOKMARK_95_800cd70a-b042-4147-af87-51d9018d2a9e" src="https://demo.perfectomobile.com/nexperience/reportImages/result_passed.png" alt="" style=" width: 16px; height: 16px;display: block;"></img>
												</div>
											</td>
											<td>
												<div class="style_97">Success</div>
											</td>
										</tr>
									</table>
								</td>
								<td style=" border-top: 1px dotted rgb(0, 0, 0);">
									<div>150.0</div>
								</td>
								<td style=" border-top: 1px dotted rgb(0, 0, 0);">
									<div>0.0</div>
								</td>
								<td style=" border-top: 1px dotted rgb(0, 0, 0);">
									<table class="style_16" style="border-collapse: collapse; empty-cells: show; width: 100%;" id="AUTOGENBOOKMARK_96_aba8c8da-9b7b-4a33-8b17-ab28feefecd8">
										<col style=" width: 2cm;"></col>
										<col></col>
										<tr valign="top" align="left">
											<td>
												<div class="style_100">Device:</div>
											</td>
											<td>
												<div class="style_101" style=" text-align:left;">Samsung Galaxy S5</div>
											</td>
										</tr>
									</table>
								</td>
								<td style=" border-top: 1px dotted rgb(0, 0, 0);">
									<table class="style_2" style="border-collapse: collapse; empty-cells: show; width: 100%;" id="AUTOGENBOOKMARK_97_876a10f1-9058-4352-8086-6b74fc6b24d3">
										<col></col>
										<tr valign="top" align="left">
											<td></td>
										</tr>
										<tr valign="top" align="left">
											<td></td>
										</tr>
										<tr valign="top" align="left">
											<td></td>
										</tr>
									</table>
								</td>
								<td style=" border-top: 1px dotted rgb(0, 0, 0);">
									<table class="style_2" style="border-collapse: collapse; empty-cells: show; width: 100%;" id="AUTOGENBOOKMARK_98_90437fd5-701d-414b-8e84-5584e878f83f">
										<col></col>
										<tr valign="top" align="left">
											<td></td>
										</tr>
										<tr valign="top" align="left">
											<td></td>
										</tr>
										<tr valign="top" align="left">
											<td></td>
										</tr>
									</table>
								</td>
								<td style=" border-top: 1px dotted rgb(0, 0, 0);"></td>
							</tr>
							<tr class="style_92" valign="top" align="left">
								<td style=" border-top: 1px dotted rgb(0, 0, 0);">
									<div class="style_93" id="3.0">Open device</div>
								</td>
								<td style=" border-top: 1px dotted rgb(0, 0, 0);">
									<div>0.364</div>
								</td>
								<td style=" border-top: 1px dotted rgb(0, 0, 0);">
									<table class="style_2" style="border-collapse: collapse; empty-cells: show; width: 100%;" id="AUTOGENBOOKMARK_99_1f7df0d7-5d3e-41e5-83f7-e5792064588b">
										<col style=" width: 17px;"></col>
										<col></col>
										<tr valign="top" align="left">
											<td>
												<div>
													<img class="style_11" id="AUTOGENBOOKMARK_100_c41cacda-968e-45d3-876c-7e5f89857128" src="https://demo.perfectomobile.com/nexperience/reportImages/result_passed.png" alt="" style=" width: 16px; height: 16px;display: block;"></img>
												</div>
											</td>
											<td>
												<div class="style_97">Success</div>
											</td>
										</tr>
									</table>
								</td>
								<td style=" border-top: 1px dotted rgb(0, 0, 0);">
									<div>7.9</div>
								</td>
								<td style=" border-top: 1px dotted rgb(0, 0, 0);">
									<div>0.0</div>
								</td>
								<td style=" border-top: 1px dotted rgb(0, 0, 0);">
									<table class="style_16" style="border-collapse: collapse; empty-cells: show; width: 100%;" id="AUTOGENBOOKMARK_101_c149a378-33dc-4bd9-82a4-4883711222ea">
										<col style=" width: 2cm;"></col>
										<col></col>
										<tr valign="top" align="left">
											<td>
												<div class="style_100">Allocation policy:</div>
											</td>
											<td>
												<div class="style_101" style=" text-align:left;">No wait</div>
											</td>
										</tr>
										<tr valign="top" align="left">
											<td>
												<div class="style_100">Device:</div>
											</td>
											<td>
												<div class="style_101" style=" text-align:left;">Samsung Galaxy S5</div>
											</td>
										</tr>
									</table>
								</td>
								<td style=" border-top: 1px dotted rgb(0, 0, 0);">
									<table class="style_2" style="border-collapse: collapse; empty-cells: show; width: 100%;" id="AUTOGENBOOKMARK_102_944389a8-43d9-4ec0-b41f-39217b68422e">
										<col></col>
										<tr valign="top" align="left">
											<td></td>
										</tr>
										<tr valign="top" align="left">
											<td></td>
										</tr>
										<tr valign="top" align="left">
											<td></td>
										</tr>
									</table>
								</td>
								<td style=" border-top: 1px dotted rgb(0, 0, 0);">
									<table class="style_2" style="border-collapse: collapse; empty-cells: show; width: 100%;" id="AUTOGENBOOKMARK_103_0942f5e8-58db-4b57-b280-159e50b15b53">
										<col></col>
										<tr valign="top" align="left">
											<td></td>
										</tr>
										<tr valign="top" align="left">
											<td></td>
										</tr>
										<tr valign="top" align="left">
											<td></td>
										</tr>
									</table>
								</td>
								<td style=" border-top: 1px dotted rgb(0, 0, 0);"></td>
							</tr>
							<tr class="style_92" valign="top" align="left">
								<td style=" border-top: 1px dotted rgb(0, 0, 0);">
									<div class="style_93" id="4.0">Uninstall application</div>
								</td>
								<td style=" border-top: 1px dotted rgb(0, 0, 0);">
									<div>8.569</div>
								</td>
								<td style=" border-top: 1px dotted rgb(0, 0, 0);">
									<table class="style_2" style="border-collapse: collapse; empty-cells: show; width: 100%;" id="AUTOGENBOOKMARK_104_44dc65ae-a000-4fb2-bdd7-8c9221d0a0b9">
										<col style=" width: 17px;"></col>
										<col></col>
										<tr valign="top" align="left">
											<td>
												<div>
													<img class="style_11" id="AUTOGENBOOKMARK_105_9c2772db-f9d7-45f2-a29d-6ed5d2a4b2df" src="https://demo.perfectomobile.com/nexperience/reportImages/result_passed.png" alt="" style=" width: 16px; height: 16px;display: block;"></img>
												</div>
											</td>
											<td>
												<div class="style_97">Success</div>
											</td>
										</tr>
									</table>
								</td>
								<td style=" border-top: 1px dotted rgb(0, 0, 0);">
									<div>4.3</div>
								</td>
								<td style=" border-top: 1px dotted rgb(0, 0, 0);">
									<div>4.3</div>
								</td>
								<td style=" border-top: 1px dotted rgb(0, 0, 0);">
									<table class="style_16" style="border-collapse: collapse; empty-cells: show; width: 100%;" id="AUTOGENBOOKMARK_106_4c830740-36fc-46ff-844b-01cb5d479077">
										<col style=" width: 2cm;"></col>
										<col></col>
										<tr valign="top" align="left">
											<td>
												<div class="style_100">Application identifier:</div>
											</td>
											<td>
												<div class="style_101" style=" text-align:left;">Car2Go</div>
											</td>
										</tr>
										<tr valign="top" align="left">
											<td>
												<div class="style_100">Device:</div>
											</td>
											<td>
												<div class="style_101" style=" text-align:left;">Samsung Galaxy S5</div>
											</td>
										</tr>
									</table>
								</td>
								<td style=" border-top: 1px dotted rgb(0, 0, 0);">
									<table class="style_2" style="border-collapse: collapse; empty-cells: show; width: 100%;" id="AUTOGENBOOKMARK_107_d4b41746-1ddd-4abb-86fa-6dff49846ae2">
										<col></col>
										<tr valign="top" align="left">
											<td></td>
										</tr>
										<tr valign="top" align="left">
											<td></td>
										</tr>
										<tr valign="top" align="left">
											<td></td>
										</tr>
									</table>
								</td>
								<td style=" border-top: 1px dotted rgb(0, 0, 0);">
									<table class="style_2" style="border-collapse: collapse; empty-cells: show; width: 100%;" id="AUTOGENBOOKMARK_108_16c68ab0-9856-49cd-9a22-5cbda090ebfe">
										<col></col>
										<tr valign="top" align="left">
											<td></td>
										</tr>
										<tr valign="top" align="left">
											<td></td>
										</tr>
										<tr valign="top" align="left">
											<td></td>
										</tr>
									</table>
								</td>
								<td style=" border-top: 1px dotted rgb(0, 0, 0);"></td>
							</tr>
							<tr class="style_92" valign="top" align="left">
								<td style=" border-top: 1px dotted rgb(0, 0, 0);">
									<div class="style_93" id="5.0">Install application</div>
								</td>
								<td style=" border-top: 1px dotted rgb(0, 0, 0);">
									<div>13.107</div>
								</td>
								<td style=" border-top: 1px dotted rgb(0, 0, 0);">
									<table class="style_2" style="border-collapse: collapse; empty-cells: show; width: 100%;" id="AUTOGENBOOKMARK_109_adac8f7c-2c43-4ced-aae8-fca4e198c822">
										<col style=" width: 17px;"></col>
										<col></col>
										<tr valign="top" align="left">
											<td>
												<div>
													<img class="style_11" id="AUTOGENBOOKMARK_110_d31cc4f1-f529-4d03-880b-a0409aa92222" src="https://demo.perfectomobile.com/nexperience/reportImages/result_passed.png" alt="" style=" width: 16px; height: 16px;display: block;"></img>
												</div>
											</td>
											<td>
												<div class="style_97">Success</div>
											</td>
										</tr>
									</table>
								</td>
								<td style=" border-top: 1px dotted rgb(0, 0, 0);">
									<div>67.7</div>
								</td>
								<td style=" border-top: 1px dotted rgb(0, 0, 0);">
									<div>21.2</div>
								</td>
								<td style=" border-top: 1px dotted rgb(0, 0, 0);">
									<table class="style_16" style="border-collapse: collapse; empty-cells: show; width: 100%;" id="AUTOGENBOOKMARK_111_6f009b96-790c-40d9-b4b4-d5c52f09cb7d">
										<col style=" width: 2cm;"></col>
										<col></col>
										<tr valign="top" align="left">
											<td>
												<div class="style_100">Repository key:</div>
											</td>
											<td>
												<div class="style_101" style=" text-align:left;">PUBLIC:Philipp\builds\car2go_com.car2go_2.2.3_20203.apk</div>
											</td>
										</tr>
										<tr valign="top" align="left">
											<td>
												<div class="style_100">Device:</div>
											</td>
											<td>
												<div class="style_101" style=" text-align:left;">Samsung Galaxy S5</div>
											</td>
										</tr>
									</table>
								</td>
								<td style=" border-top: 1px dotted rgb(0, 0, 0);">
									<table class="style_2" style="border-collapse: collapse; empty-cells: show; width: 100%;" id="AUTOGENBOOKMARK_112_4df1b6b0-af1f-4227-b5f7-a23b4cb4bd62">
										<col></col>
										<tr valign="top" align="left">
											<td></td>
										</tr>
										<tr valign="top" align="left">
											<td></td>
										</tr>
										<tr valign="top" align="left">
											<td></td>
										</tr>
									</table>
								</td>
								<td style=" border-top: 1px dotted rgb(0, 0, 0);">
									<table class="style_2" style="border-collapse: collapse; empty-cells: show; width: 100%;" id="AUTOGENBOOKMARK_113_b88fc668-c2a8-4d1b-b502-3c137de3e705">
										<col></col>
										<tr valign="top" align="left">
											<td></td>
										</tr>
										<tr valign="top" align="left">
											<td></td>
										</tr>
										<tr valign="top" align="left">
											<td></td>
										</tr>
									</table>
								</td>
								<td style=" border-top: 1px dotted rgb(0, 0, 0);"></td>
							</tr>
							<tr class="style_92" valign="top" align="left">
								<td style=" border-top: 1px dotted rgb(0, 0, 0);">
									<div class="style_93" id="6.0">Home</div>
								</td>
								<td style=" border-top: 1px dotted rgb(0, 0, 0);">
									<div>81.038</div>
								</td>
								<td style=" border-top: 1px dotted rgb(0, 0, 0);">
									<table class="style_2" style="border-collapse: collapse; empty-cells: show; width: 100%;" id="AUTOGENBOOKMARK_114_29f7222b-ff9f-4f4e-ae9a-5022fa11dd60">
										<col style=" width: 17px;"></col>
										<col></col>
										<tr valign="top" align="left">
											<td>
												<div>
													<img class="style_11" id="AUTOGENBOOKMARK_115_b6a19482-ebae-4837-b82f-aaf32f25fb70" src="https://demo.perfectomobile.com/nexperience/reportImages/result_passed.png" alt="" style=" width: 16px; height: 16px;display: block;"></img>
												</div>
											</td>
											<td>
												<div class="style_97">Success</div>
											</td>
										</tr>
									</table>
								</td>
								<td style=" border-top: 1px dotted rgb(0, 0, 0);">
									<div>5.4</div>
								</td>
								<td style=" border-top: 1px dotted rgb(0, 0, 0);">
									<div>5.4</div>
								</td>
								<td style=" border-top: 1px dotted rgb(0, 0, 0);">
									<table class="style_16" style="border-collapse: collapse; empty-cells: show; width: 100%;" id="AUTOGENBOOKMARK_116_9412e95a-3327-42bb-b465-0e8196558a9d">
										<col style=" width: 2cm;"></col>
										<col></col>
										<tr valign="top" align="left">
											<td>
												<div class="style_100">Device:</div>
											</td>
											<td>
												<div class="style_101" style=" text-align:left;">Samsung Galaxy S5</div>
											</td>
										</tr>
									</table>
								</td>
								<td style=" border-top: 1px dotted rgb(0, 0, 0);">
									<table class="style_2" style="border-collapse: collapse; empty-cells: show; width: 100%;" id="AUTOGENBOOKMARK_117_80f11179-9aab-4563-b6f3-dcd4e9ecc2fc">
										<col></col>
										<tr valign="top" align="left">
											<td></td>
										</tr>
										<tr valign="top" align="left">
											<td></td>
										</tr>
										<tr valign="top" align="left">
											<td></td>
										</tr>
									</table>
								</td>
								<td style=" border-top: 1px dotted rgb(0, 0, 0);">
									<table class="style_2" style="border-collapse: collapse; empty-cells: show; width: 100%;" id="AUTOGENBOOKMARK_118_fff35d31-5478-4a1d-9a1f-28e2086ac50b">
										<col></col>
										<tr valign="top" align="left">
											<td></td>
										</tr>
										<tr valign="top" align="left">
											<td></td>
										</tr>
										<tr valign="top" align="left">
											<td></td>
										</tr>
									</table>
								</td>
								<td style=" border-top: 1px dotted rgb(0, 0, 0);"></td>
							</tr>
							<tr class="style_92" valign="top" align="left">
								<td style=" border-top: 1px dotted rgb(0, 0, 0);">
									<div class="style_93" id="7.0">Reset device location</div>
								</td>
								<td style=" border-top: 1px dotted rgb(0, 0, 0);">
									<div>86.708</div>
								</td>
								<td style=" border-top: 1px dotted rgb(0, 0, 0);">
									<table class="style_2" style="border-collapse: collapse; empty-cells: show; width: 100%;" id="AUTOGENBOOKMARK_119_13f146b9-e912-44b3-8d92-d03b45642566">
										<col style=" width: 17px;"></col>
										<col></col>
										<tr valign="top" align="left">
											<td>
												<div>
													<img class="style_11" id="AUTOGENBOOKMARK_120_7462c907-5362-47bf-8c48-6ad9994ae649" src="https://demo.perfectomobile.com/nexperience/reportImages/result_passed.png" alt="" style=" width: 16px; height: 16px;display: block;"></img>
												</div>
											</td>
											<td>
												<div class="style_97">Success</div>
											</td>
										</tr>
									</table>
								</td>
								<td style=" border-top: 1px dotted rgb(0, 0, 0);">
									<div>0.2</div>
								</td>
								<td style=" border-top: 1px dotted rgb(0, 0, 0);">
									<div>0.0</div>
								</td>
								<td style=" border-top: 1px dotted rgb(0, 0, 0);">
									<table class="style_16" style="border-collapse: collapse; empty-cells: show; width: 100%;" id="AUTOGENBOOKMARK_121_a6da422d-8d66-4d20-8ff5-66d8c9c2395b">
										<col style=" width: 2cm;"></col>
										<col></col>
										<tr valign="top" align="left">
											<td>
												<div class="style_100">Device:</div>
											</td>
											<td>
												<div class="style_101" style=" text-align:left;">Samsung Galaxy S5</div>
											</td>
										</tr>
									</table>
								</td>
								<td style=" border-top: 1px dotted rgb(0, 0, 0);">
									<table class="style_2" style="border-collapse: collapse; empty-cells: show; width: 100%;" id="AUTOGENBOOKMARK_122_257fb5e0-3217-47d4-b179-3d52e3e5b65c">
										<col></col>
										<tr valign="top" align="left">
											<td></td>
										</tr>
										<tr valign="top" align="left">
											<td></td>
										</tr>
										<tr valign="top" align="left">
											<td></td>
										</tr>
									</table>
								</td>
								<td style=" border-top: 1px dotted rgb(0, 0, 0);">
									<table class="style_2" style="border-collapse: collapse; empty-cells: show; width: 100%;" id="AUTOGENBOOKMARK_123_c54fed99-1d35-43af-b255-155983dae9d5">
										<col></col>
										<tr valign="top" align="left">
											<td></td>
										</tr>
										<tr valign="top" align="left">
											<td></td>
										</tr>
										<tr valign="top" align="left">
											<td></td>
										</tr>
									</table>
								</td>
								<td style=" border-top: 1px dotted rgb(0, 0, 0);"></td>
							</tr>
							<tr class="style_92" valign="top" align="left">
								<td style=" border-top: 1px dotted rgb(0, 0, 0);">
									<div class="style_93" id="8.0">Start application</div>
								</td>
								<td style=" border-top: 1px dotted rgb(0, 0, 0);">
									<div>87.119</div>
								</td>
								<td style=" border-top: 1px dotted rgb(0, 0, 0);">
									<table class="style_2" style="border-collapse: collapse; empty-cells: show; width: 100%;" id="AUTOGENBOOKMARK_124_c8458e9a-503c-4740-8ea2-f361a78e62a8">
										<col style=" width: 17px;"></col>
										<col></col>
										<tr valign="top" align="left">
											<td>
												<div>
													<img class="style_11" id="AUTOGENBOOKMARK_125_39b93f6d-3c18-405d-a2d5-ac3f218f7236" src="https://demo.perfectomobile.com/nexperience/reportImages/result_passed.png" alt="" style=" width: 16px; height: 16px;display: block;"></img>
												</div>
											</td>
											<td>
												<div class="style_97">Success</div>
											</td>
										</tr>
									</table>
								</td>
								<td style=" border-top: 1px dotted rgb(0, 0, 0);">
									<div>0.7</div>
								</td>
								<td style=" border-top: 1px dotted rgb(0, 0, 0);">
									<div>0.7</div>
								</td>
								<td style=" border-top: 1px dotted rgb(0, 0, 0);">
									<table class="style_16" style="border-collapse: collapse; empty-cells: show; width: 100%;" id="AUTOGENBOOKMARK_126_27807538-d78e-4fd4-ba64-6ac4e42fcf3b">
										<col style=" width: 2cm;"></col>
										<col></col>
										<tr valign="top" align="left">
											<td>
												<div class="style_100">Application identifier:</div>
											</td>
											<td>
												<div class="style_101" style=" text-align:left;">car2go</div>
											</td>
										</tr>
										<tr valign="top" align="left">
											<td>
												<div class="style_100">Device:</div>
											</td>
											<td>
												<div class="style_101" style=" text-align:left;">Samsung Galaxy S5</div>
											</td>
										</tr>
									</table>
								</td>
								<td style=" border-top: 1px dotted rgb(0, 0, 0);">
									<table class="style_2" style="border-collapse: collapse; empty-cells: show; width: 100%;" id="AUTOGENBOOKMARK_127_f86ceabc-2788-4f7e-980e-781f9f4c9ccc">
										<col></col>
										<tr valign="top" align="left">
											<td></td>
										</tr>
										<tr valign="top" align="left">
											<td></td>
										</tr>
										<tr valign="top" align="left">
											<td></td>
										</tr>
									</table>
								</td>
								<td style=" border-top: 1px dotted rgb(0, 0, 0);">
									<table class="style_2" style="border-collapse: collapse; empty-cells: show; width: 100%;" id="AUTOGENBOOKMARK_128_4c6c33eb-dea8-4549-8491-a2bfc63655a5">
										<col></col>
										<tr valign="top" align="left">
											<td></td>
										</tr>
										<tr valign="top" align="left">
											<td></td>
										</tr>
										<tr valign="top" align="left">
											<td></td>
										</tr>
									</table>
								</td>
								<td style=" border-top: 1px dotted rgb(0, 0, 0);"></td>
							</tr>
							<tr class="style_92" valign="top" align="left">
								<td style=" border-top: 1px dotted rgb(0, 0, 0);">
									<div class="style_93" id="9.0">Find text</div>
								</td>
								<td style=" border-top: 1px dotted rgb(0, 0, 0);">
									<div>88.057</div>
								</td>
								<td style=" border-top: 1px dotted rgb(0, 0, 0);">
									<table class="style_2" style="border-collapse: collapse; empty-cells: show; width: 100%;" id="AUTOGENBOOKMARK_129_f3624c3e-1e7f-4524-bbc1-01387676acbb">
										<col style=" width: 17px;"></col>
										<col></col>
										<tr valign="top" align="left">
											<td>
												<div>
													<img class="style_11" id="AUTOGENBOOKMARK_130_faa02f90-9b1e-4cf8-8bf1-45289d60f407" src="https://demo.perfectomobile.com/nexperience/reportImages/result_passed.png" alt="" style=" width: 16px; height: 16px;display: block;"></img>
												</div>
											</td>
											<td>
												<div class="style_97">Success</div>
											</td>
										</tr>
									</table>
								</td>
								<td style=" border-top: 1px dotted rgb(0, 0, 0);">
									<div>14.8</div>
								</td>
								<td style=" border-top: 1px dotted rgb(0, 0, 0);">
									<div>4.4</div>
								</td>
								<td style=" border-top: 1px dotted rgb(0, 0, 0);">
									<table class="style_16" style="border-collapse: collapse; empty-cells: show; width: 100%;" id="AUTOGENBOOKMARK_131_9db6679c-f51a-46a5-a883-82d665a8b50e">
										<col style=" width: 2cm;"></col>
										<col></col>
										<tr valign="top" align="left">
											<td>
												<div class="style_100">Expected text (needle):</div>
											</td>
											<td>
												<div class="style_101" style=" text-align:left;">2015 Google</div>
											</td>
										</tr>
										<tr valign="top" align="left">
											<td>
												<div class="style_100">Timeout:</div>
											</td>
											<td>
												<div class="style_101" style=" text-align:left;">30</div>
											</td>
										</tr>
										<tr valign="top" align="left">
											<td>
												<div class="style_100">Threshold:</div>
											</td>
											<td>
												<div class="style_97">95</div>
											</td>
										</tr>
										<tr valign="top" align="left">
											<td>
												<div class="style_100">Device:</div>
											</td>
											<td>
												<div class="style_97">Samsung Galaxy S5</div>
											</td>
										</tr>
									</table>
								</td>
								<td style=" border-top: 1px dotted rgb(0, 0, 0);">
									<table class="style_2" style="border-collapse: collapse; empty-cells: show; width: 100%;" id="AUTOGENBOOKMARK_132_740d44d5-43f6-4cc9-8d01-2fbc69b2fde9">
										<col></col>
										<tr valign="top" align="left">
											<td></td>
										</tr>
										<tr valign="top" align="left">
											<td>
												<div class="style_97">2015 GOOGLE</div>
											</td>
										</tr>
										<tr valign="top" align="left">
											<td></td>
										</tr>
									</table>
								</td>
								<td style=" border-top: 1px dotted rgb(0, 0, 0);">
									<table class="style_2" style="border-collapse: collapse; empty-cells: show; width: 100%;" id="AUTOGENBOOKMARK_133_3f31c405-b6ab-4005-be5d-1c5c697b4576">
										<col></col>
										<tr valign="top" align="left">
											<td>
												<div>
													<img class="style_88" id="AUTOGENBOOKMARK_134_9e01f857-0f47-45f3-8d1a-370d108c4d01" src="https://demo.perfectomobile.com/nexperience/MediaAttachmentImageController.jpg?repositoryItemId=PRIVATE%3Acontroller/controller_15-02-19_09_35_58_5085.xml&amp;attachment=images%5C1E674EB8_09_37_41_13611_act.jpeg&amp;fileType=jpeg&amp;username=philipps@perfectomobile.com&amp;sharingCode=96b60a99-1502-4e6e-9d03-72942f05c231" alt="" title="To see image in actual size use Copy/Save/Open in right-click menu" style=" height: 150px;display: block;"></img>
												</div>
											</td>
										</tr>
										<tr valign="top" align="left">
											<td></td>
										</tr>
										<tr valign="top" align="left">
											<td></td>
										</tr>
									</table>
								</td>
								<td style=" border-top: 1px dotted rgb(0, 0, 0);"></td>
							</tr>
							<tr class="style_92" valign="top" align="left">
								<td style=" border-top: 1px dotted rgb(0, 0, 0);">
									<div class="style_93" id="10.0">Set device location</div>
								</td>
								<td style=" border-top: 1px dotted rgb(0, 0, 0);">
									<div>103.091</div>
								</td>
								<td style=" border-top: 1px dotted rgb(0, 0, 0);">
									<table class="style_2" style="border-collapse: collapse; empty-cells: show; width: 100%;" id="AUTOGENBOOKMARK_135_09546a9c-d1e8-408a-8b7d-6aac09cc1cf1">
										<col style=" width: 17px;"></col>
										<col></col>
										<tr valign="top" align="left">
											<td>
												<div>
													<img class="style_11" id="AUTOGENBOOKMARK_136_64424be0-b161-4623-b846-3bb4e1ca3ed7" src="https://demo.perfectomobile.com/nexperience/reportImages/result_passed.png" alt="" style=" width: 16px; height: 16px;display: block;"></img>
												</div>
											</td>
											<td>
												<div class="style_97">Success</div>
											</td>
										</tr>
									</table>
								</td>
								<td style=" border-top: 1px dotted rgb(0, 0, 0);">
									<div>0.5</div>
								</td>
								<td style=" border-top: 1px dotted rgb(0, 0, 0);">
									<div>0.0</div>
								</td>
								<td style=" border-top: 1px dotted rgb(0, 0, 0);">
									<table class="style_16" style="border-collapse: collapse; empty-cells: show; width: 100%;" id="AUTOGENBOOKMARK_137_397512b3-a82a-4f27-8856-e4c8c52eefc9">
										<col style=" width: 2cm;"></col>
										<col></col>
										<tr valign="top" align="left">
											<td>
												<div class="style_100">Address:</div>
											</td>
											<td>
												<div class="style_101" style=" text-align:left;">Wilhelm-Runge-StraÃŸe 11, Ulm</div>
											</td>
										</tr>
										<tr valign="top" align="left">
											<td>
												<div class="style_100">Device:</div>
											</td>
											<td>
												<div class="style_101" style=" text-align:left;">Samsung Galaxy S5</div>
											</td>
										</tr>
									</table>
								</td>
								<td style=" border-top: 1px dotted rgb(0, 0, 0);">
									<table class="style_2" style="border-collapse: collapse; empty-cells: show; width: 100%;" id="AUTOGENBOOKMARK_138_ce56c18c-744c-4b6a-8a01-e78ee39c3bbc">
										<col></col>
										<tr valign="top" align="left">
											<td></td>
										</tr>
										<tr valign="top" align="left">
											<td></td>
										</tr>
										<tr valign="top" align="left">
											<td></td>
										</tr>
									</table>
								</td>
								<td style=" border-top: 1px dotted rgb(0, 0, 0);">
									<table class="style_2" style="border-collapse: collapse; empty-cells: show; width: 100%;" id="AUTOGENBOOKMARK_139_6c6cd55e-8d97-4775-aaa6-a590433b746b">
										<col></col>
										<tr valign="top" align="left">
											<td></td>
										</tr>
										<tr valign="top" align="left">
											<td></td>
										</tr>
										<tr valign="top" align="left">
											<td></td>
										</tr>
									</table>
								</td>
								<td style=" border-top: 1px dotted rgb(0, 0, 0);"></td>
							</tr>
							<tr class="style_92" valign="top" align="left">
								<td style=" border-top: 1px dotted rgb(0, 0, 0);">
									<div class="style_93" id="11.0">Application.Element.Find</div>
								</td>
								<td style=" border-top: 1px dotted rgb(0, 0, 0);">
									<div>103.786</div>
								</td>
								<td style=" border-top: 1px dotted rgb(0, 0, 0);">
									<table class="style_2" style="border-collapse: collapse; empty-cells: show; width: 100%;" id="AUTOGENBOOKMARK_140_a68ba4d6-41ca-47bb-a7d9-9ffd41b7ba93">
										<col style=" width: 17px;"></col>
										<col></col>
										<tr valign="top" align="left">
											<td>
												<div>
													<img class="style_11" id="AUTOGENBOOKMARK_141_d0d6c1ac-4982-4f71-9ed1-3bcda3928989" src="https://demo.perfectomobile.com/nexperience/reportImages/result_passed.png" alt="" style=" width: 16px; height: 16px;display: block;"></img>
												</div>
											</td>
											<td>
												<div class="style_97">Success</div>
											</td>
										</tr>
									</table>
								</td>
								<td style=" border-top: 1px dotted rgb(0, 0, 0);">
									<div>3.6</div>
								</td>
								<td style=" border-top: 1px dotted rgb(0, 0, 0);">
									<div>3.6</div>
								</td>
								<td style=" border-top: 1px dotted rgb(0, 0, 0);">
									<table class="style_16" style="border-collapse: collapse; empty-cells: show; width: 100%;" id="AUTOGENBOOKMARK_142_df6d686f-a847-43eb-95e0-3f343507fa51">
										<col style=" width: 2cm;"></col>
										<col></col>
										<tr valign="top" align="left">
											<td>
												<div class="style_100">Element identifier:</div>
											</td>
											<td>
												<div class="style_101" style=" text-align:left;">//*[@resourceid="com.car2go:id/action_locate_me"]</div>
											</td>
										</tr>
										<tr valign="top" align="left">
											<td>
												<div class="style_100">By:</div>
											</td>
											<td>
												<div class="style_101" style=" text-align:left;">XPath</div>
											</td>
										</tr>
										<tr valign="top" align="left">
											<td>
												<div class="style_100">Device:</div>
											</td>
											<td>
												<div class="style_97">Samsung Galaxy S5</div>
											</td>
										</tr>
									</table>
								</td>
								<td style=" border-top: 1px dotted rgb(0, 0, 0);">
									<table class="style_2" style="border-collapse: collapse; empty-cells: show; width: 100%;" id="AUTOGENBOOKMARK_143_8afedebc-5d88-4008-be5f-d39320bc2653">
										<col></col>
										<tr valign="top" align="left">
											<td></td>
										</tr>
										<tr valign="top" align="left">
											<td></td>
										</tr>
										<tr valign="top" align="left">
											<td></td>
										</tr>
									</table>
								</td>
								<td style=" border-top: 1px dotted rgb(0, 0, 0);">
									<table class="style_2" style="border-collapse: collapse; empty-cells: show; width: 100%;" id="AUTOGENBOOKMARK_144_5748dfb3-55df-4ebc-8d35-30251c5430d2">
										<col></col>
										<tr valign="top" align="left">
											<td>
												<div>
													<img class="style_88" id="AUTOGENBOOKMARK_145_f408c110-7019-45a2-a042-dda420b4d5b4" src="https://demo.perfectomobile.com/nexperience/MediaAttachmentImageController.jpg?repositoryItemId=PRIVATE%3Acontroller/controller_15-02-19_09_35_58_5085.xml&amp;attachment=images%5C1E674EB8_09_37_45_13612_act.jpeg&amp;fileType=jpeg&amp;username=philipps@perfectomobile.com&amp;sharingCode=96b60a99-1502-4e6e-9d03-72942f05c231" alt="" title="To see image in actual size use Copy/Save/Open in right-click menu" style=" height: 150px;display: block;"></img>
												</div>
											</td>
										</tr>
										<tr valign="top" align="left">
											<td></td>
										</tr>
										<tr valign="top" align="left">
											<td></td>
										</tr>
									</table>
								</td>
								<td style=" border-top: 1px dotted rgb(0, 0, 0);"></td>
							</tr>
							<tr valign="top" align="left">
								<td></td>
								<td></td>
								<td></td>
								<td></td>
								<td></td>
								<td></td>
								<td>
									<table class="style_2" style="border-collapse: collapse; empty-cells: show; width: 100%;" id="AUTOGENBOOKMARK_146_f9de8fc4-9f0e-4ec3-99a2-4ffbd29851ec">
										<col></col>
										<tr valign="top" align="left">
											<td></td>
										</tr>
										<tr valign="top" align="left">
											<td></td>
										</tr>
										<tr valign="top" align="left">
											<td></td>
										</tr>
									</table>
								</td>
								<td>
									<table class="style_2" style="border-collapse: collapse; empty-cells: show; width: 100%;" id="AUTOGENBOOKMARK_147_4a06474e-c8d3-4abb-9bea-df5fd2ec3bbc">
										<col></col>
										<tr valign="top" align="left">
											<td></td>
										</tr>
										<tr valign="top" align="left">
											<td>
												<div class="style_97">[//device/view/group[1]/group[1]/group[1]/group[1]/group[1]/view[1]/group[1]/group[2]/view[1]/view[1]/text[3]]</div>
											</td>
										</tr>
										<tr valign="top" align="left">
											<td>
												<div>
													<div style="visibility:hidden">&#xa0;</div>
												</div>
											</td>
										</tr>
									</table>
								</td>
								<td></td>
							</tr>
							<tr class="style_92" valign="top" align="left">
[...]
												</div>
											</td>
										</tr>
										<tr valign="top" align="left">
											<td></td>
										</tr>
										<tr valign="top" align="left">
											<td></td>
										</tr>
									</table>
								</td>
								<td style=" border-top: 1px dotted rgb(0, 0, 0);"></td>
							</tr>
							<tr valign="top" align="left">
								<td></td>
								<td></td>
								<td></td>
								<td></td>
								<td></td>
								<td></td>
								<td>
									<table class="style_2" style="border-collapse: collapse; empty-cells: show; width: 100%;" id="AUTOGENBOOKMARK_146_cbc5d6f7-981b-4b86-b06d-7fb4c12fa2c0">
										<col></col>
										<tr valign="top" align="left">
											<td></td>
										</tr>
										<tr valign="top" align="left">
											<td></td>
										</tr>
										<tr valign="top" align="left">
											<td></td>
										</tr>
									</table>
								</td>
								<td>
									<table class="style_2" style="border-collapse: collapse; empty-cells: show; width: 100%;" id="AUTOGENBOOKMARK_147_af71c890-7f96-48ad-814f-d590d0720dbc">
										<col></col>
										<tr valign="top" align="left">
											<td></td>
										</tr>
										<tr valign="top" align="left">
											<td>
												<div class="style_97">[//device/view/group[1]/group[1]/group[1]/group[1]/group[1]/view[1]/group[1]/group[2]/view[1]/view[1]/text[3]]</div>
											</td>
										</tr>
										<tr valign="top" align="left">
											<td>
												<div>
													<div style="visibility:hidden">&#xa0;</div>
												</div>
											</td>
										</tr>
									</table>
								</td>
								<td></td>
							</tr>
							<tr class="style_92" valign="top" align="left">
								<td style=" border-top: 1px dotted rgb(0, 0, 0);">
									<div class="style_93" id="12.0">Application.Element.Click</div>
								</td>
								<td style=" border-top: 1px dotted rgb(0, 0, 0);">
									<div>108.992</div>
								</td>
								<td style=" border-top: 1px dotted rgb(0, 0, 0);">
									<table class="style_2" style="border-collapse: collapse; empty-cells: show; width: 100%;" id="AUTOGENBOOKMARK_148_d85c634e-15a7-4c3b-b50a-6fb1329f683c">
										<col style=" width: 17px;"></col>
										<col></col>
										<tr valign="top" align="left">
											<td>
												<div>
													<img class="style_11" id="AUTOGENBOOKMARK_149_8c5c9ab2-28b6-48d1-b05d-d14f38a61110" src="https://demo.perfectomobile.com/nexperience/reportImages/result_passed.png" alt="" style=" width: 16px; height: 16px;display: block;"></img>
												</div>
											</td>
											<td>
												<div class="style_97">Success</div>
											</td>
										</tr>
									</table>
								</td>
								<td style=" border-top: 1px dotted rgb(0, 0, 0);">
									<div>3.4</div>
								</td>
								<td style=" border-top: 1px dotted rgb(0, 0, 0);">
									<div>3.4</div>
								</td>
								<td style=" border-top: 1px dotted rgb(0, 0, 0);">
									<table class="style_16" style="border-collapse: collapse; empty-cells: show; width: 100%;" id="AUTOGENBOOKMARK_150_00bf4499-3adf-405f-a8ab-31aebe4fa2fc">
										<col style=" width: 2cm;"></col>
										<col></col>
										<tr valign="top" align="left">
											<td>
												<div class="style_100">Element identifier:</div>
											</td>
											<td>
												<div class="style_101" style=" text-align:left;">//device/view/group[1]/group[1]/group[1]/group[1]/group[1]/view[1]/group[1]/group[2]/view[1]/view[1]/text[3]</div>
											</td>
										</tr>
										<tr valign="top" align="left">
											<td>
												<div class="style_100">By:</div>
											</td>
											<td>
												<div class="style_101" style=" text-align:left;">XPath</div>
											</td>
										</tr>
										<tr valign="top" align="left">
											<td>
												<div class="style_100">Device:</div>
											</td>
											<td>
												<div class="style_97">Samsung I337 Galaxy S IV 4.4</div>
											</td>
										</tr>
									</table>
								</td>
								<td style=" border-top: 1px dotted rgb(0, 0, 0);">
									<table class="style_2" style="border-collapse: collapse; empty-cells: show; width: 100%;" id="AUTOGENBOOKMARK_151_d8f44e59-5a40-4c80-aec8-e303ca2b8a1b">
										<col></col>
										<tr valign="top" align="left">
											<td></td>
										</tr>
										<tr valign="top" align="left">
											<td></td>
										</tr>
										<tr valign="top" align="left">
											<td></td>
										</tr>
									</table>
								</td>
								<td style=" border-top: 1px dotted rgb(0, 0, 0);">
									<table class="style_2" style="border-collapse: collapse; empty-cells: show; width: 100%;" id="AUTOGENBOOKMARK_152_143ea024-3fa4-47ec-9a8b-31f49ace40f6">
										<col></col>
										<tr valign="top" align="left">
											<td>
												<div>
													<img class="style_88" id="AUTOGENBOOKMARK_153_4a7921de-e6bf-4e58-8eb8-9e81d4f0b6c2" src="https://demo.perfectomobile.com/nexperience/MediaAttachmentImageController.jpg?repositoryItemId=PRIVATE%3Acontroller/controller_15-02-19_09_38_34_5094.xml&amp;attachment=images%5C219595A5_09_40_26_13638_act.jpeg&amp;fileType=jpeg&amp;username=philipps@perfectomobile.com&amp;sharingCode=cd4b58ae-5660-4091-b069-7022a4d8650f" alt="" title="To see image in actual size use Copy/Save/Open in right-click menu" style=" height: 150px;display: block;"></img>
												</div>
											</td>
										</tr>
										<tr valign="top" align="left">
											<td></td>
										</tr>
										<tr valign="top" align="left">
											<td></td>
										</tr>
									</table>
								</td>
								<td style=" border-top: 1px dotted rgb(0, 0, 0);"></td>
							</tr>
							<tr class="style_92" valign="top" align="left">
								<td style=" border-top: 1px dotted rgb(0, 0, 0);">
									<div class="style_93" id="13.0">Find text</div>
								</td>
								<td style=" border-top: 1px dotted rgb(0, 0, 0);">
									<div>112.636</div>
								</td>
								<td style=" border-top: 1px dotted rgb(0, 0, 0);">
									<table class="style_2" style="border-collapse: collapse; empty-cells: show; width: 100%;" id="AUTOGENBOOKMARK_154_a5d4133f-5713-471d-ab2f-e9f4d71d586b">
										<col style=" width: 17px;"></col>
										<col></col>
										<tr valign="top" align="left">
											<td>
												<div>
													<img class="style_11" id="AUTOGENBOOKMARK_155_bfd0cd33-e3b5-4dbc-a645-c31e3959bc3e" src="https://demo.perfectomobile.com/nexperience/reportImages/result_passed.png" alt="" style=" width: 16px; height: 16px;display: block;"></img>
												</div>
											</td>
											<td>
												<div class="style_97">Success</div>
											</td>
										</tr>
									</table>
								</td>
								<td style=" border-top: 1px dotted rgb(0, 0, 0);">
									<div>23.7</div>
								</td>
								<td style=" border-top: 1px dotted rgb(0, 0, 0);">
									<div>13.7</div>
								</td>
								<td style=" border-top: 1px dotted rgb(0, 0, 0);">
									<table class="style_16" style="border-collapse: collapse; empty-cells: show; width: 100%;" id="AUTOGENBOOKMARK_156_c57f90ef-2c58-4220-8a56-e4971080abee">
										<col style=" width: 2cm;"></col>
										<col></col>
										<tr valign="top" align="left">
											<td>
												<div class="style_100">Expected text (needle):</div>
											</td>
											<td>
												<div class="style_101" style=" text-align:left;">Car2Go</div>
											</td>
										</tr>
										<tr valign="top" align="left">
											<td>
												<div class="style_100">Timeout:</div>
											</td>
											<td>
												<div class="style_101" style=" text-align:left;">30</div>
											</td>
										</tr>
										<tr valign="top" align="left">
											<td>
												<div class="style_100">Threshold:</div>
											</td>
											<td>
												<div class="style_97">75</div>
											</td>
										</tr>
										<tr valign="top" align="left">
											<td>
												<div class="style_100">Device:</div>
											</td>
											<td>
												<div class="style_97">Samsung I337 Galaxy S IV 4.4</div>
											</td>
										</tr>
									</table>
								</td>
								<td style=" border-top: 1px dotted rgb(0, 0, 0);">
									<table class="style_2" style="border-collapse: collapse; empty-cells: show; width: 100%;" id="AUTOGENBOOKMARK_157_b3c850b9-588b-4ee6-9b5a-706fb3107bb9">
										<col></col>
										<tr valign="top" align="left">
											<td></td>
										</tr>
										<tr valign="top" align="left">
											<td>
												<div class="style_97">CAR2GO</div>
											</td>
										</tr>
										<tr valign="top" align="left">
											<td></td>
										</tr>
									</table>
								</td>
								<td style=" border-top: 1px dotted rgb(0, 0, 0);">
									<table class="style_2" style="border-collapse: collapse; empty-cells: show; width: 100%;" id="AUTOGENBOOKMARK_158_6abbfe48-e6c1-4a7d-a1e1-89e8e1c3a646">
										<col></col>
										<tr valign="top" align="left">
											<td>
												<div>
													<img class="style_88" id="AUTOGENBOOKMARK_159_ccb401c9-5558-43e8-ba03-59957fcb191b" src="https://demo.perfectomobile.com/nexperience/MediaAttachmentImageController.jpg?repositoryItemId=PRIVATE%3Acontroller/controller_15-02-19_09_38_34_5094.xml&amp;attachment=images%5C219595A5_09_40_50_13639_act.jpeg&amp;fileType=jpeg&amp;username=philipps@perfectomobile.com&amp;sharingCode=cd4b58ae-5660-4091-b069-7022a4d8650f" alt="" title="To see image in actual size use Copy/Save/Open in right-click menu" style=" height: 150px;display: block;"></img>
												</div>
											</td>
										</tr>
										<tr valign="top" align="left">
											<td></td>
										</tr>
										<tr valign="top" align="left">
											<td></td>
										</tr>
									</table>
								</td>
								<td style=" border-top: 1px dotted rgb(0, 0, 0);"></td>
							</tr>
							<tr class="style_92" valign="top" align="left">
								<td style=" border-top: 1px dotted rgb(0, 0, 0);">
									<div class="style_93" id="14.0">Close application</div>
								</td>
								<td style=" border-top: 1px dotted rgb(0, 0, 0);">
									<div>136.545</div>
								</td>
								<td style=" border-top: 1px dotted rgb(0, 0, 0);">
									<table class="style_2" style="border-collapse: collapse; empty-cells: show; width: 100%;" id="AUTOGENBOOKMARK_160_b5fc27f8-3474-426e-b403-e9dc92d04bae">
										<col style=" width: 17px;"></col>
										<col></col>
										<tr valign="top" align="left">
											<td>
												<div>
													<img class="style_11" id="AUTOGENBOOKMARK_161_68952225-55b1-4d45-8065-fc3d32c80ed1" src="https://demo.perfectomobile.com/nexperience/reportImages/result_passed.png" alt="" style=" width: 16px; height: 16px;display: block;"></img>
												</div>
											</td>
											<td>
												<div class="style_97">Success</div>
											</td>
										</tr>
									</table>
								</td>
								<td style=" border-top: 1px dotted rgb(0, 0, 0);">
									<div>3.2</div>
								</td>
								<td style=" border-top: 1px dotted rgb(0, 0, 0);">
									<div>3.2</div>
								</td>
								<td style=" border-top: 1px dotted rgb(0, 0, 0);">
									<table class="style_16" style="border-collapse: collapse; empty-cells: show; width: 100%;" id="AUTOGENBOOKMARK_162_5a8e5963-6822-4009-b4ee-73eb7db549a8">
										<col style=" width: 2cm;"></col>
										<col></col>
										<tr valign="top" align="left">
											<td>
												<div class="style_100">Application identifier:</div>
											</td>
											<td>
												<div class="style_101" style=" text-align:left;">car2go</div>
											</td>
										</tr>
										<tr valign="top" align="left">
											<td>
												<div class="style_100">Device:</div>
											</td>
											<td>
												<div class="style_101" style=" text-align:left;">Samsung I337 Galaxy S IV 4.4</div>
											</td>
										</tr>
									</table>
								</td>
								<td style=" border-top: 1px dotted rgb(0, 0, 0);">
									<table class="style_2" style="border-collapse: collapse; empty-cells: show; width: 100%;" id="AUTOGENBOOKMARK_163_8a26c383-0e8a-4926-b880-b36d685dcb56">
										<col></col>
										<tr valign="top" align="left">
											<td></td>
										</tr>
										<tr valign="top" align="left">
											<td></td>
										</tr>
										<tr valign="top" align="left">
											<td></td>
										</tr>
									</table>
								</td>
								<td style=" border-top: 1px dotted rgb(0, 0, 0);">
									<table class="style_2" style="border-collapse: collapse; empty-cells: show; width: 100%;" id="AUTOGENBOOKMARK_164_f1d90d91-2d1a-4f21-86e1-28fb006297d2">
										<col></col>
										<tr valign="top" align="left">
											<td></td>
										</tr>
										<tr valign="top" align="left">
											<td></td>
										</tr>
										<tr valign="top" align="left">
											<td></td>
										</tr>
									</table>
								</td>
								<td style=" border-top: 1px dotted rgb(0, 0, 0);"></td>
							</tr>
							<tr class="style_92" valign="top" align="left">
								<td style=" border-top: 1px dotted rgb(0, 0, 0);">
									<div class="style_93" id="15.0">Close device</div>
								</td>
								<td style=" border-top: 1px dotted rgb(0, 0, 0);">
									<div>139.969</div>
								</td>
								<td style=" border-top: 1px dotted rgb(0, 0, 0);">
									<table class="style_2" style="border-collapse: collapse; empty-cells: show; width: 100%;" id="AUTOGENBOOKMARK_165_f31fc37f-4816-4415-bd95-46d1a390b108">
										<col style=" width: 17px;"></col>
										<col></col>
										<tr valign="top" align="left">
											<td>
												<div>
													<img class="style_11" id="AUTOGENBOOKMARK_166_b16652f2-a37d-45cf-b7c6-30c6970da203" src="https://demo.perfectomobile.com/nexperience/reportImages/result_passed.png" alt="" style=" width: 16px; height: 16px;display: block;"></img>
												</div>
											</td>
											<td>
												<div class="style_97">Success</div>
											</td>
										</tr>
									</table>
								</td>
								<td style=" border-top: 1px dotted rgb(0, 0, 0);">
									<div>13.3</div>
								</td>
								<td style=" border-top: 1px dotted rgb(0, 0, 0);">
									<div>0.0</div>
								</td>
								<td style=" border-top: 1px dotted rgb(0, 0, 0);">
									<table class="style_16" style="border-collapse: collapse; empty-cells: show; width: 100%;" id="AUTOGENBOOKMARK_167_be932e06-f12a-43a9-930e-f8014934968d">
										<col style=" width: 2cm;"></col>
										<col></col>
										<tr valign="top" align="left">
											<td>
												<div class="style_100">Device:</div>
											</td>
											<td>
												<div class="style_101" style=" text-align:left;">Samsung I337 Galaxy S IV 4.4</div>
											</td>
										</tr>
									</table>
								</td>
								<td style=" border-top: 1px dotted rgb(0, 0, 0);">
									<table class="style_2" style="border-collapse: collapse; empty-cells: show; width: 100%;" id="AUTOGENBOOKMARK_168_727fdc01-25b5-4e56-9702-fda1b3723326">
										<col></col>
										<tr valign="top" align="left">
											<td></td>
										</tr>
										<tr valign="top" align="left">
											<td></td>
										</tr>
										<tr valign="top" align="left">
											<td></td>
										</tr>
									</table>
								</td>
								<td style=" border-top: 1px dotted rgb(0, 0, 0);">
									<table class="style_2" style="border-collapse: collapse; empty-cells: show; width: 100%;" id="AUTOGENBOOKMARK_169_7c62617d-8354-48a0-84f8-dac328554034">
										<col></col>
										<tr valign="top" align="left">
											<td></td>
										</tr>
										<tr valign="top" align="left">
											<td></td>
										</tr>
										<tr valign="top" align="left">
											<td></td>
										</tr>
									</table>
								</td>
								<td style=" border-top: 1px dotted rgb(0, 0, 0);"></td>
							</tr>
							<tr valign="top" align="left">
								<td></td>
								<td></td>
								<td></td>
								<td></td>
								<td></td>
								<td></td>
								<td></td>
								<td></td>
								<td></td>
							</tr>
						</table>
					</td>
				</tr>
				<tr>
					<td></td>
				</tr>
			</table>
		</body>
	</html>
]]>
    </line>
    <line>
      <![CDATA[</DIV>]]>
    </line>
  </reporter-output>
  <suite name="Suite" duration-ms="344678" started-at="2015-02-19T10:35:16Z" finished-at="2015-02-19T10:41:00Z">
    <groups>
    </groups>
    <test name="Test" duration-ms="344678" started-at="2015-02-19T10:35:16Z" finished-at="2015-02-19T10:41:00Z">
      <class name="com.perfectomobile.StcTest">
        <test-method status="PASS" signature="beforeSuite()" name="beforeSuite" is-config="true" duration-ms="15" started-at="2015-02-19T10:35:16Z" finished-at="2015-02-19T10:35:16Z">
        </test-method>
        <test-method status="PASS" signature="beforeTest()" name="beforeTest" is-config="true" duration-ms="30020" started-at="2015-02-19T10:35:16Z" finished-at="2015-02-19T10:35:46Z">
        </test-method>
        <test-method status="PASS" signature="beforeMethod()" name="beforeMethod" is-config="true" duration-ms="234" started-at="2015-02-19T10:35:46Z" finished-at="2015-02-19T10:35:46Z">
        </test-method>
        <test-method status="PASS" signature="f(java.lang.Integer, java.lang.String)" name="f" duration-ms="149735" started-at="2015-02-19T10:35:46Z" finished-at="2015-02-19T10:38:16Z">
          <params>
            <param index="0">
              <value>
                <![CDATA[1]]>
              </value>
            </param>
            <param index="1">
              <value>
                <![CDATA[1E674EB8]]>
              </value>
            </param>
          </params>
        </test-method>
        <test-method status="PASS" signature="AfterMethod()" name="AfterMethod" is-config="true" duration-ms="5919" started-at="2015-02-19T10:38:16Z" finished-at="2015-02-19T10:38:22Z">
        </test-method>
        <test-method status="PASS" signature="beforeMethod()" name="beforeMethod" is-config="true" duration-ms="251" started-at="2015-02-19T10:38:22Z" finished-at="2015-02-19T10:38:22Z">
        </test-method>
        <test-method status="PASS" signature="f(java.lang.Integer, java.lang.String)" name="f" duration-ms="153249" started-at="2015-02-19T10:38:22Z" finished-at="2015-02-19T10:40:55Z">
          <params>
            <param index="0">
              <value>
                <![CDATA[2]]>
              </value>
            </param>
            <param index="1">
              <value>
                <![CDATA[219595A5]]>
              </value>
            </param>
          </params>
        </test-method>
        <test-method status="PASS" signature="AfterMethod()" name="AfterMethod" is-config="true" duration-ms="5254" started-at="2015-02-19T10:40:55Z" finished-at="2015-02-19T10:41:00Z">
        </test-method>
        <test-method status="PASS" signature="afterTest()" name="afterTest" is-config="true" duration-ms="0" started-at="2015-02-19T10:41:00Z" finished-at="2015-02-19T10:41:00Z">
        </test-method>
        <test-method status="PASS" signature="afterSuite()" name="afterSuite" is-config="true" duration-ms="0" started-at="2015-02-19T10:41:00Z" finished-at="2015-02-19T10:41:00Z">
        </test-method>
      </class>
    </test>
  </suite>
</testng-results>
