<?xml version="1.0" encoding="UTF-8"?>
<testng-results skipped="0" failed="0" total="2" passed="2">
  <reporter-output>
  </reporter-output>
  <suite name="Suite" duration-ms="299362" started-at="2015-02-18T17:51:43Z" finished-at="2015-02-18T17:56:43Z">
    <groups>
    </groups>
    <test name="Test" duration-ms="299362" started-at="2015-02-18T17:51:43Z" finished-at="2015-02-18T17:56:43Z">
      <class name="com.perfectomobile.StcTest">
        <test-method status="PASS" signature="beforeSuite()" name="beforeSuite" is-config="true" duration-ms="16" started-at="2015-02-18T17:51:43Z" finished-at="2015-02-18T17:51:43Z">
        </test-method>
        <test-method status="PASS" signature="beforeTest()" name="beforeTest" is-config="true" duration-ms="34873" started-at="2015-02-18T17:51:43Z" finished-at="2015-02-18T17:52:18Z">
        </test-method>
        <test-method status="PASS" signature="f(java.lang.Integer, java.lang.String)" name="f" duration-ms="135678" started-at="2015-02-18T17:52:18Z" finished-at="2015-02-18T17:54:34Z">
          <params>
            <param index="0">
              <value>
                <![CDATA[1]]>
              </value>
            </param>
            <param index="1">
              <value>
                <![CDATA[1E674EB8]]>
              </value>
            </param>
          </params>
        </test-method>
        <test-method status="PASS" signature="f(java.lang.Integer, java.lang.String)" name="f" duration-ms="127837" started-at="2015-02-18T17:54:34Z" finished-at="2015-02-18T17:56:42Z">
          <params>
            <param index="0">
              <value>
                <![CDATA[2]]>
              </value>
            </param>
            <param index="1">
              <value>
                <![CDATA[219595A5]]>
              </value>
            </param>
          </params>
        </test-method>
        <test-method status="PASS" signature="afterTest()" name="afterTest" is-config="true" duration-ms="958" started-at="2015-02-18T17:56:42Z" finished-at="2015-02-18T17:56:43Z">
        </test-method>
        <test-method status="PASS" signature="afterSuite()" name="afterSuite" is-config="true" duration-ms="0" started-at="2015-02-18T17:56:43Z" finished-at="2015-02-18T17:56:43Z">
        </test-method>
      </class>
    </test>
  </suite>
</testng-results>
