<?xml version="1.0" encoding="UTF-8"?>
<testng-results skipped="0" failed="0" total="1" passed="1">
  <reporter-output>
  </reporter-output>
  <suite name="Default suite" duration-ms="33" started-at="2015-02-17T22:35:12Z" finished-at="2015-02-17T22:35:12Z">
    <groups>
    </groups>
    <test name="Default test" duration-ms="33" started-at="2015-02-17T22:35:12Z" finished-at="2015-02-17T22:35:12Z">
      <class name="com.perfectomobile.StcTest">
        <test-method status="PASS" signature="beforeSuite()[pri:0, instance:com.perfectomobile.StcTest@18694b7a]" name="beforeSuite" is-config="true" duration-ms="15" started-at="2015-02-17T23:35:12Z" finished-at="2015-02-17T23:35:12Z">
          <reporter-output>
          </reporter-output>
        </test-method> <!-- beforeSuite -->
        <test-method status="PASS" signature="beforeTest()[pri:0, instance:com.perfectomobile.StcTest@18694b7a]" name="beforeTest" is-config="true" duration-ms="0" started-at="2015-02-17T23:35:12Z" finished-at="2015-02-17T23:35:12Z">
          <reporter-output>
          </reporter-output>
        </test-method> <!-- beforeTest -->
        <test-method status="PASS" signature="afterMethod()[pri:0, instance:com.perfectomobile.StcTest@18694b7a]" name="afterMethod" is-config="true" duration-ms="0" started-at="2015-02-17T23:35:12Z" finished-at="2015-02-17T23:35:12Z">
          <reporter-output>
          </reporter-output>
        </test-method> <!-- afterMethod -->
        <test-method status="PASS" signature="beforeMethod()[pri:0, instance:com.perfectomobile.StcTest@18694b7a]" name="beforeMethod" is-config="true" duration-ms="0" started-at="2015-02-17T23:35:12Z" finished-at="2015-02-17T23:35:12Z">
          <reporter-output>
          </reporter-output>
        </test-method> <!-- beforeMethod -->
        <test-method status="PASS" signature="f()[pri:0, instance:com.perfectomobile.StcTest@18694b7a]" name="f" duration-ms="0" started-at="2015-02-17T23:35:12Z" finished-at="2015-02-17T23:35:12Z">
          <reporter-output>
          </reporter-output>
        </test-method> <!-- f -->
        <test-method status="PASS" signature="beforeClass()[pri:0, instance:com.perfectomobile.StcTest@18694b7a]" name="beforeClass" is-config="true" duration-ms="0" started-at="2015-02-17T23:35:12Z" finished-at="2015-02-17T23:35:12Z">
          <reporter-output>
          </reporter-output>
        </test-method> <!-- beforeClass -->
        <test-method status="PASS" signature="afterClass()[pri:0, instance:com.perfectomobile.StcTest@18694b7a]" name="afterClass" is-config="true" duration-ms="0" started-at="2015-02-17T23:35:12Z" finished-at="2015-02-17T23:35:12Z">
          <reporter-output>
          </reporter-output>
        </test-method> <!-- afterClass -->
        <test-method status="PASS" signature="afterTest()[pri:0, instance:com.perfectomobile.StcTest@18694b7a]" name="afterTest" is-config="true" duration-ms="0" started-at="2015-02-17T23:35:12Z" finished-at="2015-02-17T23:35:12Z">
          <reporter-output>
          </reporter-output>
        </test-method> <!-- afterTest -->
        <test-method status="PASS" signature="afterSuite()[pri:0, instance:com.perfectomobile.StcTest@18694b7a]" name="afterSuite" is-config="true" duration-ms="0" started-at="2015-02-17T23:35:12Z" finished-at="2015-02-17T23:35:12Z">
          <reporter-output>
          </reporter-output>
        </test-method> <!-- afterSuite -->
      </class> <!-- com.perfectomobile.StcTest -->
    </test> <!-- Default test -->
  </suite> <!-- Default suite -->
</testng-results>
