<?xml version="1.0" encoding="UTF-8"?>
<testng-results skipped="0" failed="0" total="2" passed="2">
  <reporter-output>
  </reporter-output>
  <suite name="Suite" duration-ms="175255" started-at="2015-02-19T00:11:15Z" finished-at="2015-02-19T00:14:10Z">
    <groups>
    </groups>
    <test name="Test" duration-ms="175255" started-at="2015-02-19T00:11:15Z" finished-at="2015-02-19T00:14:10Z">
      <class name="com.perfectomobile.StcTest">
        <test-method status="PASS" signature="beforeSuite()[pri:0, instance:com.perfectomobile.StcTest@3e7cddcb]" name="beforeSuite" is-config="true" duration-ms="0" started-at="2015-02-19T01:11:15Z" finished-at="2015-02-19T01:11:15Z">
          <reporter-output>
          </reporter-output>
        </test-method> <!-- beforeSuite -->
        <test-method status="PASS" signature="beforeTest()[pri:0, instance:com.perfectomobile.StcTest@3e7cddcb]" name="beforeTest" is-config="true" duration-ms="1494" started-at="2015-02-19T01:11:15Z" finished-at="2015-02-19T01:11:16Z">
          <reporter-output>
          </reporter-output>
        </test-method> <!-- beforeTest -->
        <test-method status="PASS" signature="f(java.lang.Integer, java.lang.String)[pri:0, instance:com.perfectomobile.StcTest@3e7cddcb]" name="f" duration-ms="85968" started-at="2015-02-19T01:11:16Z" data-provider="dp" finished-at="2015-02-19T01:12:42Z">
          <params>
            <param index="0">
              <value>
                <![CDATA[1]]>
              </value>
            </param>
            <param index="1">
              <value>
                <![CDATA[1E674EB8]]>
              </value>
            </param>
          </params>
          <reporter-output>
          </reporter-output>
        </test-method> <!-- f -->
        <test-method status="PASS" signature="f(java.lang.Integer, java.lang.String)[pri:0, instance:com.perfectomobile.StcTest@3e7cddcb]" name="f" duration-ms="86840" started-at="2015-02-19T01:12:42Z" data-provider="dp" finished-at="2015-02-19T01:14:09Z">
          <params>
            <param index="0">
              <value>
                <![CDATA[2]]>
              </value>
            </param>
            <param index="1">
              <value>
                <![CDATA[219595A5]]>
              </value>
            </param>
          </params>
          <reporter-output>
          </reporter-output>
        </test-method> <!-- f -->
        <test-method status="PASS" signature="afterTest()[pri:0, instance:com.perfectomobile.StcTest@3e7cddcb]" name="afterTest" is-config="true" duration-ms="921" started-at="2015-02-19T01:14:09Z" finished-at="2015-02-19T01:14:10Z">
          <reporter-output>
          </reporter-output>
        </test-method> <!-- afterTest -->
        <test-method status="PASS" signature="afterSuite()[pri:0, instance:com.perfectomobile.StcTest@3e7cddcb]" name="afterSuite" is-config="true" duration-ms="0" started-at="2015-02-19T01:14:10Z" finished-at="2015-02-19T01:14:10Z">
          <reporter-output>
          </reporter-output>
        </test-method> <!-- afterSuite -->
      </class> <!-- com.perfectomobile.StcTest -->
    </test> <!-- Test -->
  </suite> <!-- Suite -->
</testng-results>
